Vivado Simulator 2020.2
Copyright 1986-1999, 2001-2020 Xilinx, Inc. All Rights Reserved.
Running: C:/Xilinx/Vivado/2020.2/bin/unwrapped/win64.o/xelab.exe -wto c77ce5704cc64bf38d9a9cb1732b46c9 --incr --debug typical --relax --mt 2 -L xil_defaultlib -L uvm -L unisims_ver -L unimacro_ver -L secureip --snapshot controller_tb_behav xil_defaultlib.controller_tb xil_defaultlib.glbl -log elaborate.log 
Using 2 slave threads.
Starting static elaboration
Pass Through NonSizing Optimizer
Completed static elaboration
Starting simulation data flow analysis
WARNING: [XSIM 43-4100] "C:/Users/fowlersp/Documents/ECE_212_Lab_Fowler_Nosow/Lab09/mips_L_multi-main/mips_L_multi-main/sv/controller_tb.sv" Line 23. Module controller_tb has a timescale but at least one module in design doesn't have timescale.
WARNING: [XSIM 43-4100] "C:/Users/fowlersp/Documents/ECE_212_Lab_Fowler_Nosow/Lab09/mips_L_multi-main/mips_L_multi-main/sv/controller_tb.sv" Line 23. Module controller_tb has a timescale but at least one module in design doesn't have timescale.
WARNING: [XSIM 43-4100] "C:/Users/fowlersp/Documents/ECE_212_Lab_Fowler_Nosow/Lab09/lab09/lab09.sim/sim_1/behav/xsim/glbl.v" Line 6. Module glbl has a timescale but at least one module in design doesn't have timescale.
WARNING: [XSIM 43-4100] "C:/Users/fowlersp/Documents/ECE_212_Lab_Fowler_Nosow/Lab09/lab09/lab09.sim/sim_1/behav/xsim/glbl.v" Line 6. Module glbl has a timescale but at least one module in design doesn't have timescale.
Completed simulation data flow analysis
Time Resolution for simulation is 1ps
Compiling package xil_defaultlib.mips_decls_p
Compiling module xil_defaultlib.maindec
Compiling module xil_defaultlib.aludec
Compiling module xil_defaultlib.controller
Compiling module xil_defaultlib.controller_tb
Compiling module xil_defaultlib.glbl
Built simulation snapshot controller_tb_behav
