
*** Running vivado
    with args -log top2.vds -m64 -product Vivado -mode batch -messageDb vivado.pb -notrace -source top2.tcl



****** Vivado v2020.2 (64-bit)
  **** SW Build 3064766 on Wed Nov 18 09:12:45 MST 2020
  **** IP Build 3064653 on Wed Nov 18 14:17:31 MST 2020
    ** Copyright 1986-2020 Xilinx, Inc. All Rights Reserved.

source top2.tcl -notrace
Command: synth_design -top top2 -part xc7a100tcsg324-1
Starting synth_design
Attempting to get a license for feature 'Synthesis' and/or device 'xc7a100t'
INFO: [Common 17-349] Got license for feature 'Synthesis' and/or device 'xc7a100t'
INFO: [Synth 8-7079] Multithreading enabled for synth_design using a maximum of 2 processes.
INFO: [Synth 8-7078] Launching helper process for spawning children vivado processes
INFO: [Synth 8-7075] Helper process launched with PID 8008
---------------------------------------------------------------------------------
Starting Synthesize : Time (s): cpu = 00:00:05 ; elapsed = 00:00:05 . Memory (MB): peak = 1088.820 ; gain = 0.000
---------------------------------------------------------------------------------
INFO: [Synth 8-6157] synthesizing module 'top2' [C:/Users/fowlersp/Documents/ECE_212_Lab_Fowler_Nosow/Lab11/mips_L_pipeline-master/mips_L_pipeline-master/sv/top2.sv:23]
INFO: [Synth 8-6157] synthesizing module 'mips_f' [C:/Users/fowlersp/Documents/ECE_212_Lab_Fowler_Nosow/Lab11/mips_L_pipeline-master/mips_L_pipeline-master/sv/mips_f.sv:23]
INFO: [Synth 8-6157] synthesizing module 'controller_f' [C:/Users/fowlersp/Documents/ECE_212_Lab_Fowler_Nosow/Lab11/mips_L_pipeline-master/mips_L_pipeline-master/sv/controller_f.sv:23]
INFO: [Synth 8-6157] synthesizing module 'maindec' [C:/Users/fowlersp/Documents/ECE_212_Lab_Fowler_Nosow/Lab11/mips_L_pipeline-master/mips_L_pipeline-master/sv/maindec.sv:15]
INFO: [Synth 8-6155] done synthesizing module 'maindec' (1#1) [C:/Users/fowlersp/Documents/ECE_212_Lab_Fowler_Nosow/Lab11/mips_L_pipeline-master/mips_L_pipeline-master/sv/maindec.sv:15]
INFO: [Synth 8-6157] synthesizing module 'aludec' [C:/Users/fowlersp/Documents/ECE_212_Lab_Fowler_Nosow/Lab11/mips_L_pipeline-master/mips_L_pipeline-master/sv/aludec.sv:12]
INFO: [Synth 8-6155] done synthesizing module 'aludec' (2#1) [C:/Users/fowlersp/Documents/ECE_212_Lab_Fowler_Nosow/Lab11/mips_L_pipeline-master/mips_L_pipeline-master/sv/aludec.sv:12]
WARNING: [Synth 8-6104] Input port 'funct' has an internal driver [C:/Users/fowlersp/Documents/ECE_212_Lab_Fowler_Nosow/Lab11/mips_L_pipeline-master/mips_L_pipeline-master/sv/controller_f.sv:39]
INFO: [Synth 8-6155] done synthesizing module 'controller_f' (3#1) [C:/Users/fowlersp/Documents/ECE_212_Lab_Fowler_Nosow/Lab11/mips_L_pipeline-master/mips_L_pipeline-master/sv/controller_f.sv:23]
INFO: [Synth 8-6157] synthesizing module 'datapath_f' [C:/Users/fowlersp/Documents/ECE_212_Lab_Fowler_Nosow/Lab11/mips_L_pipeline-master/mips_L_pipeline-master/sv/datapath_f.sv:23]
INFO: [Synth 8-6157] synthesizing module 'pr_pc' [C:/Users/fowlersp/Documents/ECE_212_Lab_Fowler_Nosow/Lab11/mips_L_pipeline-master/mips_L_pipeline-master/sv/pr_pc.sv:1]
INFO: [Synth 8-6155] done synthesizing module 'pr_pc' (4#1) [C:/Users/fowlersp/Documents/ECE_212_Lab_Fowler_Nosow/Lab11/mips_L_pipeline-master/mips_L_pipeline-master/sv/pr_pc.sv:1]
INFO: [Synth 8-6157] synthesizing module 'adder' [C:/Users/fowlersp/Documents/ECE_212_Lab_Fowler_Nosow/Lab11/mips_L_pipeline-master/mips_L_pipeline-master/sv/adder.sv:9]
INFO: [Synth 8-6155] done synthesizing module 'adder' (5#1) [C:/Users/fowlersp/Documents/ECE_212_Lab_Fowler_Nosow/Lab11/mips_L_pipeline-master/mips_L_pipeline-master/sv/adder.sv:9]
INFO: [Synth 8-6157] synthesizing module 'mux2' [C:/Users/fowlersp/Documents/ECE_212_Lab_Fowler_Nosow/Lab11/mips_L_pipeline-master/mips_L_pipeline-master/sv/mux2.sv:9]
	Parameter WIDTH bound to: 32 - type: integer 
INFO: [Synth 8-6155] done synthesizing module 'mux2' (6#1) [C:/Users/fowlersp/Documents/ECE_212_Lab_Fowler_Nosow/Lab11/mips_L_pipeline-master/mips_L_pipeline-master/sv/mux2.sv:9]
INFO: [Synth 8-6157] synthesizing module 'pr_f_d' [C:/Users/fowlersp/Documents/ECE_212_Lab_Fowler_Nosow/Lab11/mips_L_pipeline-master/mips_L_pipeline-master/sv/pr_f_d.sv:1]
INFO: [Synth 8-6155] done synthesizing module 'pr_f_d' (7#1) [C:/Users/fowlersp/Documents/ECE_212_Lab_Fowler_Nosow/Lab11/mips_L_pipeline-master/mips_L_pipeline-master/sv/pr_f_d.sv:1]
INFO: [Synth 8-6157] synthesizing module 'regfile' [C:/Users/fowlersp/Documents/ECE_212_Lab_Fowler_Nosow/Lab11/mips_L_pipeline-master/mips_L_pipeline-master/sv/regfile.sv:8]
INFO: [Synth 8-6155] done synthesizing module 'regfile' (8#1) [C:/Users/fowlersp/Documents/ECE_212_Lab_Fowler_Nosow/Lab11/mips_L_pipeline-master/mips_L_pipeline-master/sv/regfile.sv:8]
INFO: [Synth 8-6157] synthesizing module 'signext' [C:/Users/fowlersp/Documents/ECE_212_Lab_Fowler_Nosow/Lab11/mips_L_pipeline-master/mips_L_pipeline-master/sv/signext.sv:8]
INFO: [Synth 8-6155] done synthesizing module 'signext' (9#1) [C:/Users/fowlersp/Documents/ECE_212_Lab_Fowler_Nosow/Lab11/mips_L_pipeline-master/mips_L_pipeline-master/sv/signext.sv:8]
INFO: [Synth 8-6157] synthesizing module 'sl2' [C:/Users/fowlersp/Documents/ECE_212_Lab_Fowler_Nosow/Lab11/mips_L_pipeline-master/mips_L_pipeline-master/sv/sl2.sv:9]
INFO: [Synth 8-6155] done synthesizing module 'sl2' (10#1) [C:/Users/fowlersp/Documents/ECE_212_Lab_Fowler_Nosow/Lab11/mips_L_pipeline-master/mips_L_pipeline-master/sv/sl2.sv:9]
INFO: [Synth 8-6157] synthesizing module 'comparator' [C:/Users/fowlersp/Documents/ECE_212_Lab_Fowler_Nosow/Lab11/mips_L_pipeline-master/mips_L_pipeline-master/sv/comparator.sv:23]
INFO: [Synth 8-6155] done synthesizing module 'comparator' (11#1) [C:/Users/fowlersp/Documents/ECE_212_Lab_Fowler_Nosow/Lab11/mips_L_pipeline-master/mips_L_pipeline-master/sv/comparator.sv:23]
INFO: [Synth 8-6157] synthesizing module 'pr_d_e' [C:/Users/fowlersp/Documents/ECE_212_Lab_Fowler_Nosow/Lab11/mips_L_pipeline-master/mips_L_pipeline-master/sv/pr_d_e.sv:1]
INFO: [Synth 8-6155] done synthesizing module 'pr_d_e' (12#1) [C:/Users/fowlersp/Documents/ECE_212_Lab_Fowler_Nosow/Lab11/mips_L_pipeline-master/mips_L_pipeline-master/sv/pr_d_e.sv:1]
INFO: [Synth 8-6157] synthesizing module 'alu' [C:/Users/fowlersp/Documents/ECE_212_Lab_Fowler_Nosow/Lab11/mips_L_pipeline-master/mips_L_pipeline-master/sv/alu.sv:8]
INFO: [Synth 8-6155] done synthesizing module 'alu' (13#1) [C:/Users/fowlersp/Documents/ECE_212_Lab_Fowler_Nosow/Lab11/mips_L_pipeline-master/mips_L_pipeline-master/sv/alu.sv:8]
INFO: [Synth 8-6157] synthesizing module 'mux2__parameterized0' [C:/Users/fowlersp/Documents/ECE_212_Lab_Fowler_Nosow/Lab11/mips_L_pipeline-master/mips_L_pipeline-master/sv/mux2.sv:9]
	Parameter WIDTH bound to: 5 - type: integer 
INFO: [Synth 8-6155] done synthesizing module 'mux2__parameterized0' (13#1) [C:/Users/fowlersp/Documents/ECE_212_Lab_Fowler_Nosow/Lab11/mips_L_pipeline-master/mips_L_pipeline-master/sv/mux2.sv:9]
INFO: [Synth 8-6157] synthesizing module 'mux3' [C:/Users/fowlersp/Documents/ECE_212_Lab_Fowler_Nosow/Lab11/mips_L_pipeline-master/mips_L_pipeline-master/sv/mux3.sv:23]
	Parameter WIDTH bound to: 32 - type: integer 
INFO: [Synth 8-6155] done synthesizing module 'mux3' (14#1) [C:/Users/fowlersp/Documents/ECE_212_Lab_Fowler_Nosow/Lab11/mips_L_pipeline-master/mips_L_pipeline-master/sv/mux3.sv:23]
INFO: [Synth 8-6157] synthesizing module 'pr_e_m' [C:/Users/fowlersp/Documents/ECE_212_Lab_Fowler_Nosow/Lab11/mips_L_pipeline-master/mips_L_pipeline-master/sv/pr_e_m.sv:1]
INFO: [Synth 8-6155] done synthesizing module 'pr_e_m' (15#1) [C:/Users/fowlersp/Documents/ECE_212_Lab_Fowler_Nosow/Lab11/mips_L_pipeline-master/mips_L_pipeline-master/sv/pr_e_m.sv:1]
INFO: [Synth 8-6157] synthesizing module 'pr_m_w' [C:/Users/fowlersp/Documents/ECE_212_Lab_Fowler_Nosow/Lab11/mips_L_pipeline-master/mips_L_pipeline-master/sv/pr_m_w.sv:1]
INFO: [Synth 8-6155] done synthesizing module 'pr_m_w' (16#1) [C:/Users/fowlersp/Documents/ECE_212_Lab_Fowler_Nosow/Lab11/mips_L_pipeline-master/mips_L_pipeline-master/sv/pr_m_w.sv:1]
INFO: [Synth 8-6155] done synthesizing module 'datapath_f' (17#1) [C:/Users/fowlersp/Documents/ECE_212_Lab_Fowler_Nosow/Lab11/mips_L_pipeline-master/mips_L_pipeline-master/sv/datapath_f.sv:23]
INFO: [Synth 8-6157] synthesizing module 'hazardunit' [C:/Users/fowlersp/Documents/ECE_212_Lab_Fowler_Nosow/Lab11/mips_L_pipeline-master/mips_L_pipeline-master/sv/hazardunit.sv:23]
INFO: [Synth 8-6155] done synthesizing module 'hazardunit' (18#1) [C:/Users/fowlersp/Documents/ECE_212_Lab_Fowler_Nosow/Lab11/mips_L_pipeline-master/mips_L_pipeline-master/sv/hazardunit.sv:23]
INFO: [Synth 8-6155] done synthesizing module 'mips_f' (19#1) [C:/Users/fowlersp/Documents/ECE_212_Lab_Fowler_Nosow/Lab11/mips_L_pipeline-master/mips_L_pipeline-master/sv/mips_f.sv:23]
INFO: [Synth 8-6157] synthesizing module 'imem' [C:/Users/fowlersp/Documents/ECE_212_Lab_Fowler_Nosow/Lab11/mips_L_pipeline-master/mips_L_pipeline-master/sv/imem.sv:15]
	Parameter SIZE bound to: 64 - type: integer 
INFO: [Synth 8-3876] $readmem data file 'memfile.dat' is read successfully [C:/Users/fowlersp/Documents/ECE_212_Lab_Fowler_Nosow/Lab11/mips_L_pipeline-master/mips_L_pipeline-master/sv/imem.sv:28]
INFO: [Synth 8-6155] done synthesizing module 'imem' (20#1) [C:/Users/fowlersp/Documents/ECE_212_Lab_Fowler_Nosow/Lab11/mips_L_pipeline-master/mips_L_pipeline-master/sv/imem.sv:15]
INFO: [Synth 8-6157] synthesizing module 'dmem' [C:/Users/fowlersp/Documents/ECE_212_Lab_Fowler_Nosow/Lab11/mips_L_pipeline-master/mips_L_pipeline-master/sv/dmem.sv:14]
	Parameter SIZE bound to: 32 - type: integer 
INFO: [Synth 8-6155] done synthesizing module 'dmem' (21#1) [C:/Users/fowlersp/Documents/ECE_212_Lab_Fowler_Nosow/Lab11/mips_L_pipeline-master/mips_L_pipeline-master/sv/dmem.sv:14]
INFO: [Synth 8-6155] done synthesizing module 'top2' (22#1) [C:/Users/fowlersp/Documents/ECE_212_Lab_Fowler_Nosow/Lab11/mips_L_pipeline-master/mips_L_pipeline-master/sv/top2.sv:23]
---------------------------------------------------------------------------------
Finished Synthesize : Time (s): cpu = 00:00:05 ; elapsed = 00:00:06 . Memory (MB): peak = 1088.820 ; gain = 0.000
---------------------------------------------------------------------------------
---------------------------------------------------------------------------------
Finished Constraint Validation : Time (s): cpu = 00:00:06 ; elapsed = 00:00:06 . Memory (MB): peak = 1088.820 ; gain = 0.000
---------------------------------------------------------------------------------
---------------------------------------------------------------------------------
Start Loading Part and Timing Information
---------------------------------------------------------------------------------
Loading part: xc7a100tcsg324-1
---------------------------------------------------------------------------------
Finished Loading Part and Timing Information : Time (s): cpu = 00:00:06 ; elapsed = 00:00:06 . Memory (MB): peak = 1088.820 ; gain = 0.000
---------------------------------------------------------------------------------
INFO: [Device 21-403] Loading part xc7a100tcsg324-1
---------------------------------------------------------------------------------
Finished RTL Optimization Phase 2 : Time (s): cpu = 00:00:07 ; elapsed = 00:00:06 . Memory (MB): peak = 1088.820 ; gain = 0.000
---------------------------------------------------------------------------------
No constraint files found.
---------------------------------------------------------------------------------
Start RTL Component Statistics 
---------------------------------------------------------------------------------
Detailed RTL Component Info : 
+---Adders : 
	   2 Input   32 Bit       Adders := 2     
	   3 Input   32 Bit       Adders := 1     
+---Registers : 
	               32 Bit    Registers := 14    
	                5 Bit    Registers := 5     
	                3 Bit    Registers := 1     
	                1 Bit    Registers := 13    
+---RAMs : 
	               2K Bit	(64 X 32 bit)          RAMs := 1     
+---Muxes : 
	   2 Input   32 Bit        Muxes := 10    
	   8 Input   32 Bit        Muxes := 1     
	   5 Input   32 Bit        Muxes := 2     
	  40 Input   32 Bit        Muxes := 1     
	   2 Input    5 Bit        Muxes := 2     
	   9 Input    3 Bit        Muxes := 1     
	   8 Input    2 Bit        Muxes := 1     
	   2 Input    2 Bit        Muxes := 2     
	   8 Input    1 Bit        Muxes := 5     
	   2 Input    1 Bit        Muxes := 2     
---------------------------------------------------------------------------------
Finished RTL Component Statistics 
---------------------------------------------------------------------------------
---------------------------------------------------------------------------------
Start Part Resource Summary
---------------------------------------------------------------------------------
Part Resources:
DSPs: 240 (col length:80)
BRAMs: 270 (col length: RAMB18 80 RAMB36 40)
---------------------------------------------------------------------------------
Finished Part Resource Summary
---------------------------------------------------------------------------------
No constraint files found.
---------------------------------------------------------------------------------
Start Cross Boundary and Area Optimization
---------------------------------------------------------------------------------
---------------------------------------------------------------------------------
Finished Cross Boundary and Area Optimization : Time (s): cpu = 00:00:37 ; elapsed = 00:00:38 . Memory (MB): peak = 1232.848 ; gain = 144.027
---------------------------------------------------------------------------------
---------------------------------------------------------------------------------
Start ROM, RAM, DSP, Shift Register and Retiming Reporting
---------------------------------------------------------------------------------

Block RAM: Preliminary Mapping	Report (see note below)
+------------+--------------+------------------------+---+---+------------------------+---+---+------------------+--------+--------+
|Module Name | RTL Object   | PORT A (Depth x Width) | W | R | PORT B (Depth x Width) | W | R | Ports driving FF | RAMB18 | RAMB36 | 
+------------+--------------+------------------------+---+---+------------------------+---+---+------------------+--------+--------+
|top2        | dmem/RAM_reg | 64 x 32(READ_FIRST)    | W | R |                        |   |   | Port A           | 1      | 0      | 
+------------+--------------+------------------------+---+---+------------------------+---+---+------------------+--------+--------+

Note: The table above is a preliminary report that shows the Block RAMs at the current stage of the synthesis flow. Some Block RAMs may be reimplemented as non Block RAM primitives later in the synthesis flow. Multiple instantiated Block RAMs are reported only once. 

Distributed RAM: Preliminary Mapping	Report (see note below)
+------------+-------------------------+-----------+----------------------+--------------+
|Module Name | RTL Object              | Inference | Size (Depth x Width) | Primitives   | 
+------------+-------------------------+-----------+----------------------+--------------+
|top2        | mips/U_DP/U_RF_D/rf_reg | Implied   | 32 x 32              | RAM32M x 12	 | 
+------------+-------------------------+-----------+----------------------+--------------+

Note: The table above is a preliminary report that shows the Distributed RAMs at the current stage of the synthesis flow. Some Distributed RAMs may be reimplemented as non Distributed RAM primitives later in the synthesis flow. Multiple instantiated RAMs are reported only once.
---------------------------------------------------------------------------------
Finished ROM, RAM, DSP, Shift Register and Retiming Reporting
---------------------------------------------------------------------------------
No constraint files found.
---------------------------------------------------------------------------------
Start Timing Optimization
---------------------------------------------------------------------------------
---------------------------------------------------------------------------------
Finished Timing Optimization : Time (s): cpu = 00:00:38 ; elapsed = 00:00:38 . Memory (MB): peak = 1232.848 ; gain = 144.027
---------------------------------------------------------------------------------
---------------------------------------------------------------------------------
Start ROM, RAM, DSP, Shift Register and Retiming Reporting
---------------------------------------------------------------------------------

Block RAM: Final Mapping	Report
+------------+--------------+------------------------+---+---+------------------------+---+---+------------------+--------+--------+
|Module Name | RTL Object   | PORT A (Depth x Width) | W | R | PORT B (Depth x Width) | W | R | Ports driving FF | RAMB18 | RAMB36 | 
+------------+--------------+------------------------+---+---+------------------------+---+---+------------------+--------+--------+
|top2        | dmem/RAM_reg | 64 x 32(READ_FIRST)    | W | R |                        |   |   | Port A           | 1      | 0      | 
+------------+--------------+------------------------+---+---+------------------------+---+---+------------------+--------+--------+


Distributed RAM: Final Mapping	Report
+------------+-------------------------+-----------+----------------------+--------------+
|Module Name | RTL Object              | Inference | Size (Depth x Width) | Primitives   | 
+------------+-------------------------+-----------+----------------------+--------------+
|top2        | mips/U_DP/U_RF_D/rf_reg | Implied   | 32 x 32              | RAM32M x 12	 | 
+------------+-------------------------+-----------+----------------------+--------------+

---------------------------------------------------------------------------------
Finished ROM, RAM, DSP, Shift Register and Retiming Reporting
---------------------------------------------------------------------------------
---------------------------------------------------------------------------------
Start Technology Mapping
---------------------------------------------------------------------------------
INFO: [Synth 8-7052] The timing for the instance dmem/RAM_reg (implemented as a Block RAM) might be sub-optimal as no optional output register could be merged into the ram block. Providing additional output register may help in improving timing.
INFO: [Synth 8-7052] The timing for the instance dmem/RAM_reg (implemented as a Block RAM) might be sub-optimal as no optional output register could be merged into the ram block. Providing additional output register may help in improving timing.
---------------------------------------------------------------------------------
Finished Technology Mapping : Time (s): cpu = 00:00:38 ; elapsed = 00:00:39 . Memory (MB): peak = 1232.848 ; gain = 144.027
---------------------------------------------------------------------------------
---------------------------------------------------------------------------------
Start IO Insertion
---------------------------------------------------------------------------------
---------------------------------------------------------------------------------
Start Flattening Before IO Insertion
---------------------------------------------------------------------------------
---------------------------------------------------------------------------------
Finished Flattening Before IO Insertion
---------------------------------------------------------------------------------
---------------------------------------------------------------------------------
Start Final Netlist Cleanup
---------------------------------------------------------------------------------
---------------------------------------------------------------------------------
Finished Final Netlist Cleanup
---------------------------------------------------------------------------------
---------------------------------------------------------------------------------
Finished IO Insertion : Time (s): cpu = 00:00:42 ; elapsed = 00:00:43 . Memory (MB): peak = 1232.848 ; gain = 144.027
---------------------------------------------------------------------------------
---------------------------------------------------------------------------------
Start Renaming Generated Instances
---------------------------------------------------------------------------------
---------------------------------------------------------------------------------
Finished Renaming Generated Instances : Time (s): cpu = 00:00:42 ; elapsed = 00:00:43 . Memory (MB): peak = 1232.848 ; gain = 144.027
---------------------------------------------------------------------------------
---------------------------------------------------------------------------------
Start Rebuilding User Hierarchy
---------------------------------------------------------------------------------
---------------------------------------------------------------------------------
Finished Rebuilding User Hierarchy : Time (s): cpu = 00:00:42 ; elapsed = 00:00:43 . Memory (MB): peak = 1232.848 ; gain = 144.027
---------------------------------------------------------------------------------
---------------------------------------------------------------------------------
Start Renaming Generated Ports
---------------------------------------------------------------------------------
---------------------------------------------------------------------------------
Finished Renaming Generated Ports : Time (s): cpu = 00:00:42 ; elapsed = 00:00:43 . Memory (MB): peak = 1232.848 ; gain = 144.027
---------------------------------------------------------------------------------
---------------------------------------------------------------------------------
Start Handling Custom Attributes
---------------------------------------------------------------------------------
---------------------------------------------------------------------------------
Finished Handling Custom Attributes : Time (s): cpu = 00:00:42 ; elapsed = 00:00:43 . Memory (MB): peak = 1232.848 ; gain = 144.027
---------------------------------------------------------------------------------
---------------------------------------------------------------------------------
Start Renaming Generated Nets
---------------------------------------------------------------------------------
---------------------------------------------------------------------------------
Finished Renaming Generated Nets : Time (s): cpu = 00:00:42 ; elapsed = 00:00:43 . Memory (MB): peak = 1232.848 ; gain = 144.027
---------------------------------------------------------------------------------
---------------------------------------------------------------------------------
Start Writing Synthesis Report
---------------------------------------------------------------------------------

Report BlackBoxes: 
+-+--------------+----------+
| |BlackBox name |Instances |
+-+--------------+----------+
+-+--------------+----------+

Report Cell Usage: 
+------+---------+------+
|      |Cell     |Count |
+------+---------+------+
|1     |BUFG     |     1|
|2     |CARRY4   |    19|
|3     |LUT1     |     4|
|4     |LUT2     |    43|
|5     |LUT3     |    70|
|6     |LUT4     |    72|
|7     |LUT5     |    47|
|8     |LUT6     |   191|
|9     |MUXF7    |     1|
|10    |RAM32M   |    12|
|11    |RAMB18E1 |     1|
|12    |FDRE     |   201|
|13    |IBUF     |     2|
|14    |OBUF     |    65|
+------+---------+------+

Report Instance Areas: 
+------+----------------+-----------+------+
|      |Instance        |Module     |Cells |
+------+----------------+-----------+------+
|1     |top             |           |   729|
|2     |  dmem          |dmem       |     1|
|3     |  mips          |mips_f     |   659|
|4     |    U_DP        |datapath_f |   659|
|5     |      U_ALU     |alu        |    12|
|6     |      U_COMP    |comparator |     3|
|7     |      U_PCADD_D |adder      |     2|
|8     |      U_PCADD_F |adder_0    |     2|
|9     |      U_PC_F    |pr_pc      |    29|
|10    |      U_PR_D_E  |pr_d_e     |   269|
|11    |      U_PR_E_M  |pr_e_m     |    79|
|12    |      U_PR_F_D  |pr_f_d     |   148|
|13    |      U_PR_M_W  |pr_m_w     |   103|
|14    |      U_RF_D    |regfile    |    12|
+------+----------------+-----------+------+
---------------------------------------------------------------------------------
Finished Writing Synthesis Report : Time (s): cpu = 00:00:42 ; elapsed = 00:00:43 . Memory (MB): peak = 1232.848 ; gain = 144.027
---------------------------------------------------------------------------------
Synthesis finished with 0 errors, 0 critical warnings and 1 warnings.
Synthesis Optimization Runtime : Time (s): cpu = 00:00:42 ; elapsed = 00:00:43 . Memory (MB): peak = 1232.848 ; gain = 144.027
Synthesis Optimization Complete : Time (s): cpu = 00:00:42 ; elapsed = 00:00:43 . Memory (MB): peak = 1232.848 ; gain = 144.027
INFO: [Project 1-571] Translating synthesized netlist
Netlist sorting complete. Time (s): cpu = 00:00:00 ; elapsed = 00:00:00.019 . Memory (MB): peak = 1232.848 ; gain = 0.000
INFO: [Netlist 29-17] Analyzing 33 Unisim elements for replacement
INFO: [Netlist 29-28] Unisim Transformation completed in 0 CPU seconds
INFO: [Project 1-570] Preparing netlist for logic optimization
INFO: [Opt 31-138] Pushed 1 inverter(s) to 12 load pin(s).
Netlist sorting complete. Time (s): cpu = 00:00:00 ; elapsed = 00:00:00 . Memory (MB): peak = 1232.848 ; gain = 0.000
INFO: [Project 1-111] Unisim Transformation Summary:
  A total of 12 instances were transformed.
  RAM32M => RAM32M (inverted pins: WCLK) (RAMD32(x6), RAMS32(x2)): 12 instances

INFO: [Common 17-83] Releasing license: Synthesis
61 Infos, 1 Warnings, 0 Critical Warnings and 0 Errors encountered.
synth_design completed successfully
synth_design: Time (s): cpu = 00:00:47 ; elapsed = 00:00:49 . Memory (MB): peak = 1232.848 ; gain = 144.027
INFO: [Common 17-1381] The checkpoint 'C:/Users/fowlersp/Documents/ECE_212_Lab_Fowler_Nosow/Lab11/Lab11/Lab11.runs/synth_1/top2.dcp' has been generated.
INFO: [runtcl-4] Executing : report_utilization -file top2_utilization_synth.rpt -pb top2_utilization_synth.pb
INFO: [Common 17-206] Exiting Vivado at Tue Apr 26 10:16:00 2022...
