
*** Running vivado
    with args -log clk_temp_top.vds -m64 -product Vivado -mode batch -messageDb vivado.pb -notrace -source clk_temp_top.tcl



****** Vivado v2020.2 (64-bit)
  **** SW Build 3064766 on Wed Nov 18 09:12:45 MST 2020
  **** IP Build 3064653 on Wed Nov 18 14:17:31 MST 2020
    ** Copyright 1986-2020 Xilinx, Inc. All Rights Reserved.

source clk_temp_top.tcl -notrace
Command: synth_design -top clk_temp_top -part xc7a100tcsg324-1
Starting synth_design
Attempting to get a license for feature 'Synthesis' and/or device 'xc7a100t'
INFO: [Common 17-349] Got license for feature 'Synthesis' and/or device 'xc7a100t'
INFO: [Device 21-403] Loading part xc7a100tcsg324-1
INFO: [Synth 8-7079] Multithreading enabled for synth_design using a maximum of 2 processes.
INFO: [Synth 8-7078] Launching helper process for spawning children vivado processes
INFO: [Synth 8-7075] Helper process launched with PID 5964
---------------------------------------------------------------------------------
Starting RTL Elaboration : Time (s): cpu = 00:00:04 ; elapsed = 00:00:05 . Memory (MB): peak = 1140.477 ; gain = 51.660
---------------------------------------------------------------------------------
INFO: [Synth 8-6157] synthesizing module 'clk_temp_top' [C:/Users/fowlersp/Documents/ECE_212_Lab_Fowler_Nosow/Lab04/Lab04/RTL/clk_temp_top.sv:23]
INFO: [Synth 8-6157] synthesizing module 'temp' [C:/Users/fowlersp/Documents/ECE_212_Lab_Fowler_Nosow/Lab04/Lab04/RTL/temp.sv:23]
INFO: [Synth 8-638] synthesizing module 'TempSensorCtl' [C:/Users/fowlersp/Documents/ECE_212_Lab_Fowler_Nosow/Lab04/Lab04/RTL/TempSensorCtl.vhd:59]
	Parameter CLOCKFREQ bound to: 100 - type: integer 
	Parameter CLOCKFREQ bound to: 100 - type: integer 
	Parameter ATTEMPT_SLAVE_UNBLOCK bound to: 1 - type: bool 
INFO: [Synth 8-3491] module 'TWICtl' declared at 'C:/Users/fowlersp/Documents/ECE_212_Lab_Fowler_Nosow/Lab04/Lab04/RTL/TWICtl.vhd:68' bound to instance 'Inst_TWICtl' of component 'TWICtl' [C:/Users/fowlersp/Documents/ECE_212_Lab_Fowler_Nosow/Lab04/Lab04/RTL/TempSensorCtl.vhd:164]
INFO: [Synth 8-638] synthesizing module 'TWICtl' [C:/Users/fowlersp/Documents/ECE_212_Lab_Fowler_Nosow/Lab04/Lab04/RTL/TWICtl.vhd:132]
	Parameter CLOCKFREQ bound to: 100 - type: integer 
	Parameter ATTEMPT_SLAVE_UNBLOCK bound to: 1 - type: bool 
INFO: [Synth 8-226] default block is never used [C:/Users/fowlersp/Documents/ECE_212_Lab_Fowler_Nosow/Lab04/Lab04/RTL/TWICtl.vhd:357]
INFO: [Synth 8-226] default block is never used [C:/Users/fowlersp/Documents/ECE_212_Lab_Fowler_Nosow/Lab04/Lab04/RTL/TWICtl.vhd:375]
INFO: [Synth 8-226] default block is never used [C:/Users/fowlersp/Documents/ECE_212_Lab_Fowler_Nosow/Lab04/Lab04/RTL/TWICtl.vhd:393]
INFO: [Synth 8-226] default block is never used [C:/Users/fowlersp/Documents/ECE_212_Lab_Fowler_Nosow/Lab04/Lab04/RTL/TWICtl.vhd:411]
INFO: [Synth 8-226] default block is never used [C:/Users/fowlersp/Documents/ECE_212_Lab_Fowler_Nosow/Lab04/Lab04/RTL/TWICtl.vhd:429]
INFO: [Synth 8-226] default block is never used [C:/Users/fowlersp/Documents/ECE_212_Lab_Fowler_Nosow/Lab04/Lab04/RTL/TWICtl.vhd:447]
WARNING: [Synth 8-614] signal 'timeOutCnt' is read in the process but is not in the sensitivity list [C:/Users/fowlersp/Documents/ECE_212_Lab_Fowler_Nosow/Lab04/Lab04/RTL/TWICtl.vhd:500]
INFO: [Synth 8-256] done synthesizing module 'TWICtl' (1#1) [C:/Users/fowlersp/Documents/ECE_212_Lab_Fowler_Nosow/Lab04/Lab04/RTL/TWICtl.vhd:132]
INFO: [Synth 8-226] default block is never used [C:/Users/fowlersp/Documents/ECE_212_Lab_Fowler_Nosow/Lab04/Lab04/RTL/TempSensorCtl.vhd:329]
WARNING: [Synth 8-614] signal 'initA' is read in the process but is not in the sensitivity list [C:/Users/fowlersp/Documents/ECE_212_Lab_Fowler_Nosow/Lab04/Lab04/RTL/TempSensorCtl.vhd:324]
INFO: [Synth 8-256] done synthesizing module 'TempSensorCtl' (2#1) [C:/Users/fowlersp/Documents/ECE_212_Lab_Fowler_Nosow/Lab04/Lab04/RTL/TempSensorCtl.vhd:59]
INFO: [Synth 8-6157] synthesizing module 'tconvert' [C:/Users/fowlersp/Documents/ECE_212_Lab_Fowler_Nosow/Lab04/Lab04/RTL/tconvert.sv:9]
INFO: [Synth 8-6155] done synthesizing module 'tconvert' (3#1) [C:/Users/fowlersp/Documents/ECE_212_Lab_Fowler_Nosow/Lab04/Lab04/RTL/tconvert.sv:9]
INFO: [Synth 8-6157] synthesizing module 'conv_sgnmag' [C:/Users/fowlersp/Documents/ECE_212_Lab_Fowler_Nosow/Lab04/Lab04/RTL/conv_sgnmag.sv:9]
INFO: [Synth 8-6155] done synthesizing module 'conv_sgnmag' (4#1) [C:/Users/fowlersp/Documents/ECE_212_Lab_Fowler_Nosow/Lab04/Lab04/RTL/conv_sgnmag.sv:9]
INFO: [Synth 8-6157] synthesizing module 'round' [C:/Users/fowlersp/Documents/ECE_212_Lab_Fowler_Nosow/Lab04/Lab04/RTL/round.sv:9]
INFO: [Synth 8-6155] done synthesizing module 'round' (5#1) [C:/Users/fowlersp/Documents/ECE_212_Lab_Fowler_Nosow/Lab04/Lab04/RTL/round.sv:9]
INFO: [Synth 8-6157] synthesizing module 'dbl_dabble_ext' [C:/Users/fowlersp/Documents/ECE_212_Lab_Fowler_Nosow/Lab04/Lab04/RTL/dbl_dabble_ext.sv:15]
INFO: [Synth 8-251] dbl_dabble input: x [C:/Users/fowlersp/Documents/ECE_212_Lab_Fowler_Nosow/Lab04/Lab04/RTL/dbl_dabble_ext.sv:22]
INFO: [Synth 8-251] add3o 4 4'bxxxx 4'bxxxx 4'bxxxx 4'bxxxx 13'bxxxxxxxxxxxxx [C:/Users/fowlersp/Documents/ECE_212_Lab_Fowler_Nosow/Lab04/Lab04/RTL/dbl_dabble_ext.sv:29]
INFO: [Synth 8-251] add3o 5 4'bxxxx 4'bxxxx 4'bxxxx 4'bxxxx 13'bxxxxxxxxxxxxx [C:/Users/fowlersp/Documents/ECE_212_Lab_Fowler_Nosow/Lab04/Lab04/RTL/dbl_dabble_ext.sv:29]
INFO: [Synth 8-251] add3o 6 4'bxxxx 4'bxxxx 4'bxxxx 4'bxxxx 13'bxxxxxxxxxxxxx [C:/Users/fowlersp/Documents/ECE_212_Lab_Fowler_Nosow/Lab04/Lab04/RTL/dbl_dabble_ext.sv:29]
INFO: [Synth 8-251] add3o 7 4'bxxxx 4'bxxxx 4'bxxxx 4'bxxxx 13'bxxxxxxxxxxxxx [C:/Users/fowlersp/Documents/ECE_212_Lab_Fowler_Nosow/Lab04/Lab04/RTL/dbl_dabble_ext.sv:29]
INFO: [Synth 8-251] add3o 7 4'bxxxx 4'bxxxx 4'bxxxx 4'bxxxx 13'bxxxxxxxxxxxxx [C:/Users/fowlersp/Documents/ECE_212_Lab_Fowler_Nosow/Lab04/Lab04/RTL/dbl_dabble_ext.sv:33]
INFO: [Synth 8-251] add3o 8 4'bxxxx 4'bxxxx 4'bxxxx 4'bxxxx 13'bxxxxxxxxxxxxx [C:/Users/fowlersp/Documents/ECE_212_Lab_Fowler_Nosow/Lab04/Lab04/RTL/dbl_dabble_ext.sv:29]
INFO: [Synth 8-251] add3o 8 4'bxxxx 4'bxxxx 4'bxxxx 4'bxxxx 13'bxxxxxxxxxxxxx [C:/Users/fowlersp/Documents/ECE_212_Lab_Fowler_Nosow/Lab04/Lab04/RTL/dbl_dabble_ext.sv:33]
INFO: [Synth 8-251] add3o 9 4'bxxxx 4'bxxxx 4'bxxxx 4'bxxxx 13'bxxxxxxxxxxxxx [C:/Users/fowlersp/Documents/ECE_212_Lab_Fowler_Nosow/Lab04/Lab04/RTL/dbl_dabble_ext.sv:29]
INFO: [Synth 8-251] add3o 9 4'bxxxx 4'bxxxx 4'bxxxx 4'bxxxx 13'bxxxxxxxxxxxxx [C:/Users/fowlersp/Documents/ECE_212_Lab_Fowler_Nosow/Lab04/Lab04/RTL/dbl_dabble_ext.sv:33]
INFO: [Synth 8-251] add3o 10 4'bxxxx 4'bxxxx 4'bxxxx 4'bxxxx 13'bxxxxxxxxxxxxx [C:/Users/fowlersp/Documents/ECE_212_Lab_Fowler_Nosow/Lab04/Lab04/RTL/dbl_dabble_ext.sv:29]
INFO: [Synth 8-251] add3o 10 4'bxxxx 4'bxxxx 4'bxxxx 4'bxxxx 13'bxxxxxxxxxxxxx [C:/Users/fowlersp/Documents/ECE_212_Lab_Fowler_Nosow/Lab04/Lab04/RTL/dbl_dabble_ext.sv:33]
INFO: [Synth 8-251] add3o 10 4'bxxxx 4'bxxxx 4'bxxxx 4'bxxxx 13'bxxxxxxxxxxxxx [C:/Users/fowlersp/Documents/ECE_212_Lab_Fowler_Nosow/Lab04/Lab04/RTL/dbl_dabble_ext.sv:37]
INFO: [Synth 8-251] add3o 11 4'bxxxx 4'bxxxx 4'bxxxx 4'bxxxx 13'bxxxxxxxxxxxxx [C:/Users/fowlersp/Documents/ECE_212_Lab_Fowler_Nosow/Lab04/Lab04/RTL/dbl_dabble_ext.sv:29]
INFO: [Synth 8-251] add3o 11 4'bxxxx 4'bxxxx 4'bxxxx 4'bxxxx 13'bxxxxxxxxxxxxx [C:/Users/fowlersp/Documents/ECE_212_Lab_Fowler_Nosow/Lab04/Lab04/RTL/dbl_dabble_ext.sv:33]
INFO: [Synth 8-251] add3o 11 4'bxxxx 4'bxxxx 4'bxxxx 4'bxxxx 13'bxxxxxxxxxxxxx [C:/Users/fowlersp/Documents/ECE_212_Lab_Fowler_Nosow/Lab04/Lab04/RTL/dbl_dabble_ext.sv:37]
INFO: [Synth 8-251] add3o 12 4'bxxxx 4'bxxxx 4'bxxxx 4'bxxxx 13'bxxxxxxxxxxxxx [C:/Users/fowlersp/Documents/ECE_212_Lab_Fowler_Nosow/Lab04/Lab04/RTL/dbl_dabble_ext.sv:29]
INFO: [Synth 8-251] add3o 12 4'bxxxx 4'bxxxx 4'bxxxx 4'bxxxx 13'bxxxxxxxxxxxxx [C:/Users/fowlersp/Documents/ECE_212_Lab_Fowler_Nosow/Lab04/Lab04/RTL/dbl_dabble_ext.sv:33]
INFO: [Synth 8-251] add3o 12 4'bxxxx 4'bxxxx 4'bxxxx 4'bxxxx 13'bxxxxxxxxxxxxx [C:/Users/fowlersp/Documents/ECE_212_Lab_Fowler_Nosow/Lab04/Lab04/RTL/dbl_dabble_ext.sv:37]
INFO: [Synth 8-251] add3o 13 4'bxxxx 4'bxxxx 4'bxxxx 4'bxxxx 13'bxxxxxxxxxxxxx [C:/Users/fowlersp/Documents/ECE_212_Lab_Fowler_Nosow/Lab04/Lab04/RTL/dbl_dabble_ext.sv:29]
INFO: [Synth 8-251] add3o 13 4'bxxxx 4'bxxxx 4'bxxxx 4'bxxxx 13'bxxxxxxxxxxxxx [C:/Users/fowlersp/Documents/ECE_212_Lab_Fowler_Nosow/Lab04/Lab04/RTL/dbl_dabble_ext.sv:33]
INFO: [Synth 8-251] add3o 13 4'bxxxx 4'bxxxx 4'bxxxx 4'bxxxx 13'bxxxxxxxxxxxxx [C:/Users/fowlersp/Documents/ECE_212_Lab_Fowler_Nosow/Lab04/Lab04/RTL/dbl_dabble_ext.sv:37]
INFO: [Synth 8-251] add3o 13 4'bxxxx 4'bxxxx 4'bxxxx 4'bxxxx 13'bxxxxxxxxxxxxx [C:/Users/fowlersp/Documents/ECE_212_Lab_Fowler_Nosow/Lab04/Lab04/RTL/dbl_dabble_ext.sv:41]
INFO: [Synth 8-251] result    x    x   x   x [C:/Users/fowlersp/Documents/ECE_212_Lab_Fowler_Nosow/Lab04/Lab04/RTL/dbl_dabble_ext.sv:45]
INFO: [Synth 8-6155] done synthesizing module 'dbl_dabble_ext' (6#1) [C:/Users/fowlersp/Documents/ECE_212_Lab_Fowler_Nosow/Lab04/Lab04/RTL/dbl_dabble_ext.sv:15]
INFO: [Synth 8-6155] done synthesizing module 'temp' (7#1) [C:/Users/fowlersp/Documents/ECE_212_Lab_Fowler_Nosow/Lab04/Lab04/RTL/temp.sv:23]
INFO: [Synth 8-6157] synthesizing module 'dig_clk' [C:/Users/fowlersp/Documents/ECE_212_Lab_Fowler_Nosow/Lab04/Lab04/RTL/dig_clk.sv:1]
INFO: [Synth 8-6157] synthesizing module 'debounce' [C:/Users/fowlersp/Documents/ECE_212_Lab_Fowler_Nosow/Lab04/Lab04/RTL/debounce.sv:1]
	Parameter CLKPD_NS bound to: 10 - type: integer 
	Parameter CLKFREQ bound to: 100000000 - type: integer 
	Parameter DEBOUNCE_MS bound to: 10 - type: integer 
	Parameter CTRBITS bound to: 20 - type: integer 
INFO: [Synth 8-6155] done synthesizing module 'debounce' (8#1) [C:/Users/fowlersp/Documents/ECE_212_Lab_Fowler_Nosow/Lab04/Lab04/RTL/debounce.sv:1]
INFO: [Synth 8-6157] synthesizing module 'single_pulser' [C:/Users/fowlersp/Documents/ECE_212_Lab_Fowler_Nosow/Lab04/Lab04/RTL/single_pulser.sv:23]
INFO: [Synth 8-6155] done synthesizing module 'single_pulser' (9#1) [C:/Users/fowlersp/Documents/ECE_212_Lab_Fowler_Nosow/Lab04/Lab04/RTL/single_pulser.sv:23]
INFO: [Synth 8-6157] synthesizing module 'sec_cnt' [C:/Users/fowlersp/Documents/ECE_212_Lab_Fowler_Nosow/Lab04/Lab04/RTL/sec_cnt.sv:1]
INFO: [Synth 8-6157] synthesizing module 'counter_rc_mod' [C:/Users/fowlersp/Documents/ECE_212_Lab_Fowler_Nosow/Lab04/Lab04/RTL/counter_rc_mod.sv:1]
	Parameter MOD bound to: 10 - type: integer 
INFO: [Synth 8-6155] done synthesizing module 'counter_rc_mod' (10#1) [C:/Users/fowlersp/Documents/ECE_212_Lab_Fowler_Nosow/Lab04/Lab04/RTL/counter_rc_mod.sv:1]
INFO: [Synth 8-6157] synthesizing module 'counter_rc_mod__parameterized0' [C:/Users/fowlersp/Documents/ECE_212_Lab_Fowler_Nosow/Lab04/Lab04/RTL/counter_rc_mod.sv:1]
	Parameter MOD bound to: 6 - type: integer 
INFO: [Synth 8-6155] done synthesizing module 'counter_rc_mod__parameterized0' (10#1) [C:/Users/fowlersp/Documents/ECE_212_Lab_Fowler_Nosow/Lab04/Lab04/RTL/counter_rc_mod.sv:1]
INFO: [Synth 8-6155] done synthesizing module 'sec_cnt' (11#1) [C:/Users/fowlersp/Documents/ECE_212_Lab_Fowler_Nosow/Lab04/Lab04/RTL/sec_cnt.sv:1]
INFO: [Synth 8-6157] synthesizing module 'min_cnt' [C:/Users/fowlersp/Documents/ECE_212_Lab_Fowler_Nosow/Lab04/Lab04/RTL/min_cnt.sv:1]
INFO: [Synth 8-6155] done synthesizing module 'min_cnt' (12#1) [C:/Users/fowlersp/Documents/ECE_212_Lab_Fowler_Nosow/Lab04/Lab04/RTL/min_cnt.sv:1]
INFO: [Synth 8-6157] synthesizing module 'hr_cnt' [C:/Users/fowlersp/Documents/ECE_212_Lab_Fowler_Nosow/Lab04/Lab04/RTL/hr_cnt.sv:1]
INFO: [Synth 8-6157] synthesizing module 'counter_modified_hrs' [C:/Users/fowlersp/Documents/ECE_212_Lab_Fowler_Nosow/Lab04/Lab04/RTL/counter_modified_hrs.sv:1]
INFO: [Synth 8-6155] done synthesizing module 'counter_modified_hrs' (13#1) [C:/Users/fowlersp/Documents/ECE_212_Lab_Fowler_Nosow/Lab04/Lab04/RTL/counter_modified_hrs.sv:1]
INFO: [Synth 8-6157] synthesizing module 'counter_rc_mod_hrs_rst' [C:/Users/fowlersp/Documents/ECE_212_Lab_Fowler_Nosow/Lab04/Lab04/RTL/counter_rc_mod_hrs_rst.sv:1]
	Parameter MOD bound to: 2 - type: integer 
INFO: [Synth 8-6155] done synthesizing module 'counter_rc_mod_hrs_rst' (14#1) [C:/Users/fowlersp/Documents/ECE_212_Lab_Fowler_Nosow/Lab04/Lab04/RTL/counter_rc_mod_hrs_rst.sv:1]
INFO: [Synth 8-6155] done synthesizing module 'hr_cnt' (15#1) [C:/Users/fowlersp/Documents/ECE_212_Lab_Fowler_Nosow/Lab04/Lab04/RTL/hr_cnt.sv:1]
INFO: [Synth 8-6157] synthesizing module 'counter_rc_mod__parameterized1' [C:/Users/fowlersp/Documents/ECE_212_Lab_Fowler_Nosow/Lab04/Lab04/RTL/counter_rc_mod.sv:1]
	Parameter MOD bound to: 2 - type: integer 
INFO: [Synth 8-6155] done synthesizing module 'counter_rc_mod__parameterized1' (15#1) [C:/Users/fowlersp/Documents/ECE_212_Lab_Fowler_Nosow/Lab04/Lab04/RTL/counter_rc_mod.sv:1]
INFO: [Synth 8-6155] done synthesizing module 'dig_clk' (16#1) [C:/Users/fowlersp/Documents/ECE_212_Lab_Fowler_Nosow/Lab04/Lab04/RTL/dig_clk.sv:1]
INFO: [Synth 8-6157] synthesizing module 'fsm' [C:/Users/fowlersp/Documents/ECE_212_Lab_Fowler_Nosow/Lab04/Lab04/RTL/fsm.sv:23]
INFO: [Synth 8-6155] done synthesizing module 'fsm' (17#1) [C:/Users/fowlersp/Documents/ECE_212_Lab_Fowler_Nosow/Lab04/Lab04/RTL/fsm.sv:23]
INFO: [Synth 8-6157] synthesizing module 'period_enb' [C:/Users/fowlersp/Documents/ECE_212_Lab_Fowler_Nosow/Lab04/Lab04/RTL/period_enb.sv:20]
	Parameter PERIOD_MS bound to: 1000 - type: integer 
	Parameter PERIOD_US bound to: 1000000 - type: integer 
	Parameter PERIOD_NS bound to: 1000000000 - type: integer 
	Parameter CLKFREQ_MHZ bound to: 100 - type: integer 
	Parameter CLKPD_NS bound to: 10 - type: integer 
	Parameter PERIOD_COUNT_LIMIT bound to: 100000000 - type: integer 
	Parameter PERIOD_COUNT_BITS bound to: 27 - type: integer 
INFO: [Synth 8-6155] done synthesizing module 'period_enb' (18#1) [C:/Users/fowlersp/Documents/ECE_212_Lab_Fowler_Nosow/Lab04/Lab04/RTL/period_enb.sv:20]
INFO: [Synth 8-6157] synthesizing module 'sevenseg_control' [C:/Users/fowlersp/Documents/ECE_212_Lab_Fowler_Nosow/Lab04/Lab04/RTL/sevenseg_control.sv:23]
INFO: [Synth 8-6157] synthesizing module 'period_enb__parameterized0' [C:/Users/fowlersp/Documents/ECE_212_Lab_Fowler_Nosow/Lab04/Lab04/RTL/period_enb.sv:20]
	Parameter PERIOD_MS bound to: 1 - type: integer 
	Parameter PERIOD_US bound to: 1000 - type: integer 
	Parameter PERIOD_NS bound to: 1000000 - type: integer 
	Parameter CLKFREQ_MHZ bound to: 100 - type: integer 
	Parameter CLKPD_NS bound to: 10 - type: integer 
	Parameter PERIOD_COUNT_LIMIT bound to: 100000 - type: integer 
	Parameter PERIOD_COUNT_BITS bound to: 17 - type: integer 
INFO: [Synth 8-6155] done synthesizing module 'period_enb__parameterized0' (18#1) [C:/Users/fowlersp/Documents/ECE_212_Lab_Fowler_Nosow/Lab04/Lab04/RTL/period_enb.sv:20]
INFO: [Synth 8-6157] synthesizing module 'count_3bit' [C:/Users/fowlersp/Documents/ECE_212_Lab_Fowler_Nosow/Lab04/Lab04/RTL/count_3bit.sv:11]
	Parameter W bound to: 3 - type: integer 
INFO: [Synth 8-6155] done synthesizing module 'count_3bit' (19#1) [C:/Users/fowlersp/Documents/ECE_212_Lab_Fowler_Nosow/Lab04/Lab04/RTL/count_3bit.sv:11]
INFO: [Synth 8-6157] synthesizing module 'mux8' [C:/Users/fowlersp/Documents/ECE_212_Lab_Fowler_Nosow/Lab04/Lab04/RTL/mux8.sv:11]
	Parameter W bound to: 7 - type: integer 
INFO: [Synth 8-226] default block is never used [C:/Users/fowlersp/Documents/ECE_212_Lab_Fowler_Nosow/Lab04/Lab04/RTL/mux8.sv:16]
INFO: [Synth 8-6155] done synthesizing module 'mux8' (20#1) [C:/Users/fowlersp/Documents/ECE_212_Lab_Fowler_Nosow/Lab04/Lab04/RTL/mux8.sv:11]
INFO: [Synth 8-6157] synthesizing module 'dec_3_8_n' [C:/Users/fowlersp/Documents/ECE_212_Lab_Fowler_Nosow/Lab04/Lab04/RTL/dec_3_8_n.sv:9]
INFO: [Synth 8-226] default block is never used [C:/Users/fowlersp/Documents/ECE_212_Lab_Fowler_Nosow/Lab04/Lab04/RTL/dec_3_8_n.sv:17]
INFO: [Synth 8-6155] done synthesizing module 'dec_3_8_n' (21#1) [C:/Users/fowlersp/Documents/ECE_212_Lab_Fowler_Nosow/Lab04/Lab04/RTL/dec_3_8_n.sv:9]
INFO: [Synth 8-6157] synthesizing module 'seven_seg_n' [C:/Users/fowlersp/Documents/ECE_212_Lab_Fowler_Nosow/Lab04/Lab04/RTL/seven_seg_n.sv:10]
INFO: [Synth 8-6155] done synthesizing module 'seven_seg_n' (22#1) [C:/Users/fowlersp/Documents/ECE_212_Lab_Fowler_Nosow/Lab04/Lab04/RTL/seven_seg_n.sv:10]
INFO: [Synth 8-6155] done synthesizing module 'sevenseg_control' (23#1) [C:/Users/fowlersp/Documents/ECE_212_Lab_Fowler_Nosow/Lab04/Lab04/RTL/sevenseg_control.sv:23]
INFO: [Synth 8-6155] done synthesizing module 'clk_temp_top' (24#1) [C:/Users/fowlersp/Documents/ECE_212_Lab_Fowler_Nosow/Lab04/Lab04/RTL/clk_temp_top.sv:23]
---------------------------------------------------------------------------------
Finished RTL Elaboration : Time (s): cpu = 00:00:05 ; elapsed = 00:00:06 . Memory (MB): peak = 1201.988 ; gain = 113.172
---------------------------------------------------------------------------------
---------------------------------------------------------------------------------
Start Handling Custom Attributes
---------------------------------------------------------------------------------
---------------------------------------------------------------------------------
Finished Handling Custom Attributes : Time (s): cpu = 00:00:06 ; elapsed = 00:00:07 . Memory (MB): peak = 1201.988 ; gain = 113.172
---------------------------------------------------------------------------------
---------------------------------------------------------------------------------
Finished RTL Optimization Phase 1 : Time (s): cpu = 00:00:06 ; elapsed = 00:00:07 . Memory (MB): peak = 1201.988 ; gain = 113.172
---------------------------------------------------------------------------------
Netlist sorting complete. Time (s): cpu = 00:00:00 ; elapsed = 00:00:00.024 . Memory (MB): peak = 1201.988 ; gain = 0.000
INFO: [Project 1-570] Preparing netlist for logic optimization

Processing XDC Constraints
Initializing timing engine
Parsing XDC File [C:/Users/fowlersp/Documents/ECE_212_Lab_Fowler_Nosow/Lab04/Lab04/Constraints/clk_temp_con.xdc]
Finished Parsing XDC File [C:/Users/fowlersp/Documents/ECE_212_Lab_Fowler_Nosow/Lab04/Lab04/Constraints/clk_temp_con.xdc]
INFO: [Project 1-236] Implementation specific constraints were found while reading constraint file [C:/Users/fowlersp/Documents/ECE_212_Lab_Fowler_Nosow/Lab04/Lab04/Constraints/clk_temp_con.xdc]. These constraints will be ignored for synthesis but will be used in implementation. Impacted constraints are listed in the file [.Xil/clk_temp_top_propImpl.xdc].
Resolution: To avoid this warning, move constraints listed in [.Xil/clk_temp_top_propImpl.xdc] to another XDC file and exclude this new file from synthesis with the used_in_synthesis property (File Properties dialog in GUI) and re-run elaboration/synthesis.
Completed Processing XDC Constraints

Netlist sorting complete. Time (s): cpu = 00:00:00 ; elapsed = 00:00:00.001 . Memory (MB): peak = 1317.926 ; gain = 0.000
INFO: [Project 1-111] Unisim Transformation Summary:
No Unisim elements were transformed.

Constraint Validation Runtime : Time (s): cpu = 00:00:00 ; elapsed = 00:00:00.005 . Memory (MB): peak = 1317.926 ; gain = 0.000
---------------------------------------------------------------------------------
Finished Constraint Validation : Time (s): cpu = 00:00:12 ; elapsed = 00:00:13 . Memory (MB): peak = 1317.926 ; gain = 229.109
---------------------------------------------------------------------------------
---------------------------------------------------------------------------------
Start Loading Part and Timing Information
---------------------------------------------------------------------------------
Loading part: xc7a100tcsg324-1
---------------------------------------------------------------------------------
Finished Loading Part and Timing Information : Time (s): cpu = 00:00:12 ; elapsed = 00:00:13 . Memory (MB): peak = 1317.926 ; gain = 229.109
---------------------------------------------------------------------------------
---------------------------------------------------------------------------------
Start Applying 'set_property' XDC Constraints
---------------------------------------------------------------------------------
---------------------------------------------------------------------------------
Finished applying 'set_property' XDC Constraints : Time (s): cpu = 00:00:12 ; elapsed = 00:00:13 . Memory (MB): peak = 1317.926 ; gain = 229.109
---------------------------------------------------------------------------------
INFO: [Synth 8-802] inferred FSM for state register 'state_reg' in module 'TWICtl'
INFO: [Synth 8-802] inferred FSM for state register 'state_reg' in module 'fsm'
---------------------------------------------------------------------------------------------------
                   State |                     New Encoding |                Previous Encoding 
---------------------------------------------------------------------------------------------------
                  stidle |                             0001 |                             0000
                 ststart |                             1111 |                             0001
                 stwrite |                             0000 |                             0011
                  stsack |                             0010 |                             0110
                  stread |                             0111 |                             0010
            stmnackstart |                             0110 |                             1001
                  stmack |                             0100 |                             0111
             stmnackstop |                             0101 |                             1000
                  ststop |                             0011 |                             0101
---------------------------------------------------------------------------------------------------
INFO: [Synth 8-3354] encoded FSM with state register 'state_reg' using encoding 'gray' in module 'TWICtl'
---------------------------------------------------------------------------------------------------
                   State |                     New Encoding |                Previous Encoding 
---------------------------------------------------------------------------------------------------
                      S0 |                             0000 |                             0000
                     S3a |                             0001 |                             0110
                     S3b |                             0010 |                             0111
                     S3c |                             0011 |                             1000
                     S3d |                             0100 |                             1001
                     S3e |                             0101 |                             1010
                     S3f |                             0110 |                             1011
                     S3g |                             0111 |                             1100
                     S3h |                             1000 |                             1101
                     S2a |                             1001 |                             0010
                     S2b |                             1010 |                             0011
                     S2c |                             1011 |                             0100
                     S2d |                             1100 |                             0101
                      S1 |                             1101 |                             0001
---------------------------------------------------------------------------------------------------
INFO: [Synth 8-3354] encoded FSM with state register 'state_reg' using encoding 'sequential' in module 'fsm'
---------------------------------------------------------------------------------
Finished RTL Optimization Phase 2 : Time (s): cpu = 00:00:13 ; elapsed = 00:00:14 . Memory (MB): peak = 1317.926 ; gain = 229.109
---------------------------------------------------------------------------------
---------------------------------------------------------------------------------
Start RTL Component Statistics 
---------------------------------------------------------------------------------
Detailed RTL Component Info : 
+---Adders : 
	   2 Input   18 Bit       Adders := 1     
	   3 Input   18 Bit       Adders := 1     
	   2 Input   17 Bit       Adders := 1     
	   2 Input   13 Bit       Adders := 1     
	   2 Input    8 Bit       Adders := 2     
	   2 Input    4 Bit       Adders := 30    
	   2 Input    3 Bit       Adders := 2     
	   2 Input    2 Bit       Adders := 2     
+---XORs : 
	   2 Input      1 Bit         XORs := 3     
+---Registers : 
	               16 Bit    Registers := 1     
	                8 Bit    Registers := 5     
	                4 Bit    Registers := 8     
	                3 Bit    Registers := 4     
	                2 Bit    Registers := 3     
	                1 Bit    Registers := 17    
+---Muxes : 
	   2 Input   18 Bit        Muxes := 1     
	   4 Input   17 Bit        Muxes := 1     
	   2 Input   17 Bit        Muxes := 2     
	   2 Input    8 Bit        Muxes := 4     
	   8 Input    8 Bit        Muxes := 3     
	   2 Input    7 Bit        Muxes := 11    
	  18 Input    7 Bit        Muxes := 1     
	   9 Input    4 Bit        Muxes := 1     
	  27 Input    4 Bit        Muxes := 1     
	   2 Input    4 Bit        Muxes := 26    
	   3 Input    4 Bit        Muxes := 1     
	  71 Input    4 Bit        Muxes := 1     
	   8 Input    3 Bit        Muxes := 1     
	   4 Input    3 Bit        Muxes := 1     
	   2 Input    3 Bit        Muxes := 4     
	   3 Input    2 Bit        Muxes := 1     
	   2 Input    2 Bit        Muxes := 1     
	   2 Input    1 Bit        Muxes := 34    
	   4 Input    1 Bit        Muxes := 20    
	   8 Input    1 Bit        Muxes := 7     
	   3 Input    1 Bit        Muxes := 5     
	   9 Input    1 Bit        Muxes := 1     
	  14 Input    1 Bit        Muxes := 1     
---------------------------------------------------------------------------------
Finished RTL Component Statistics 
---------------------------------------------------------------------------------
---------------------------------------------------------------------------------
Start Part Resource Summary
---------------------------------------------------------------------------------
Part Resources:
DSPs: 240 (col length:80)
BRAMs: 270 (col length: RAMB18 80 RAMB36 40)
---------------------------------------------------------------------------------
Finished Part Resource Summary
---------------------------------------------------------------------------------
---------------------------------------------------------------------------------
Start Cross Boundary and Area Optimization
---------------------------------------------------------------------------------
---------------------------------------------------------------------------------
Finished Cross Boundary and Area Optimization : Time (s): cpu = 00:00:27 ; elapsed = 00:00:28 . Memory (MB): peak = 1334.445 ; gain = 245.629
---------------------------------------------------------------------------------
---------------------------------------------------------------------------------
Start Applying XDC Timing Constraints
---------------------------------------------------------------------------------
---------------------------------------------------------------------------------
Finished Applying XDC Timing Constraints : Time (s): cpu = 00:00:33 ; elapsed = 00:00:34 . Memory (MB): peak = 1334.445 ; gain = 245.629
---------------------------------------------------------------------------------
---------------------------------------------------------------------------------
Start Timing Optimization
---------------------------------------------------------------------------------
---------------------------------------------------------------------------------
Finished Timing Optimization : Time (s): cpu = 00:00:39 ; elapsed = 00:00:40 . Memory (MB): peak = 1427.426 ; gain = 338.609
---------------------------------------------------------------------------------
---------------------------------------------------------------------------------
Start Technology Mapping
---------------------------------------------------------------------------------
---------------------------------------------------------------------------------
Finished Technology Mapping : Time (s): cpu = 00:00:39 ; elapsed = 00:00:40 . Memory (MB): peak = 1450.422 ; gain = 361.605
---------------------------------------------------------------------------------
---------------------------------------------------------------------------------
Start IO Insertion
---------------------------------------------------------------------------------
---------------------------------------------------------------------------------
Start Flattening Before IO Insertion
---------------------------------------------------------------------------------
---------------------------------------------------------------------------------
Finished Flattening Before IO Insertion
---------------------------------------------------------------------------------
---------------------------------------------------------------------------------
Start Final Netlist Cleanup
---------------------------------------------------------------------------------
---------------------------------------------------------------------------------
Finished Final Netlist Cleanup
---------------------------------------------------------------------------------

*** Running vivado
    with args -log clk_temp_top.vds -m64 -product Vivado -mode batch -messageDb vivado.pb -notrace -source clk_temp_top.tcl



****** Vivado v2020.2 (64-bit)
  **** SW Build 3064766 on Wed Nov 18 09:12:45 MST 2020
  **** IP Build 3064653 on Wed Nov 18 14:17:31 MST 2020
    ** Copyright 1986-2020 Xilinx, Inc. All Rights Reserved.

source clk_temp_top.tcl -notrace
Command: synth_design -top clk_temp_top -part xc7a100tcsg324-1
Starting synth_design
Attempting to get a license for feature 'Synthesis' and/or device 'xc7a100t'
INFO: [Common 17-349] Got license for feature 'Synthesis' and/or device 'xc7a100t'
INFO: [Device 21-403] Loading part xc7a100tcsg324-1
INFO: [Synth 8-7079] Multithreading enabled for synth_design using a maximum of 2 processes.
INFO: [Synth 8-7078] Launching helper process for spawning children vivado processes
INFO: [Synth 8-7075] Helper process launched with PID 13516
---------------------------------------------------------------------------------
Starting RTL Elaboration : Time (s): cpu = 00:00:04 ; elapsed = 00:00:05 . Memory (MB): peak = 1139.527 ; gain = 50.555
---------------------------------------------------------------------------------
INFO: [Synth 8-6157] synthesizing module 'clk_temp_top' [C:/Users/fowlersp/Documents/ECE_212_Lab_Fowler_Nosow/Lab04/Lab04/RTL/clk_temp_top.sv:23]
INFO: [Synth 8-6157] synthesizing module 'temp' [C:/Users/fowlersp/Documents/ECE_212_Lab_Fowler_Nosow/Lab04/Lab04/RTL/temp.sv:23]
INFO: [Synth 8-638] synthesizing module 'TempSensorCtl' [C:/Users/fowlersp/Documents/ECE_212_Lab_Fowler_Nosow/Lab04/Lab04/RTL/TempSensorCtl.vhd:59]
	Parameter CLOCKFREQ bound to: 100 - type: integer 
	Parameter CLOCKFREQ bound to: 100 - type: integer 
	Parameter ATTEMPT_SLAVE_UNBLOCK bound to: 1 - type: bool 
INFO: [Synth 8-3491] module 'TWICtl' declared at 'C:/Users/fowlersp/Documents/ECE_212_Lab_Fowler_Nosow/Lab04/Lab04/RTL/TWICtl.vhd:68' bound to instance 'Inst_TWICtl' of component 'TWICtl' [C:/Users/fowlersp/Documents/ECE_212_Lab_Fowler_Nosow/Lab04/Lab04/RTL/TempSensorCtl.vhd:164]
INFO: [Synth 8-638] synthesizing module 'TWICtl' [C:/Users/fowlersp/Documents/ECE_212_Lab_Fowler_Nosow/Lab04/Lab04/RTL/TWICtl.vhd:132]
	Parameter CLOCKFREQ bound to: 100 - type: integer 
	Parameter ATTEMPT_SLAVE_UNBLOCK bound to: 1 - type: bool 
INFO: [Synth 8-226] default block is never used [C:/Users/fowlersp/Documents/ECE_212_Lab_Fowler_Nosow/Lab04/Lab04/RTL/TWICtl.vhd:357]
INFO: [Synth 8-226] default block is never used [C:/Users/fowlersp/Documents/ECE_212_Lab_Fowler_Nosow/Lab04/Lab04/RTL/TWICtl.vhd:375]
INFO: [Synth 8-226] default block is never used [C:/Users/fowlersp/Documents/ECE_212_Lab_Fowler_Nosow/Lab04/Lab04/RTL/TWICtl.vhd:393]
INFO: [Synth 8-226] default block is never used [C:/Users/fowlersp/Documents/ECE_212_Lab_Fowler_Nosow/Lab04/Lab04/RTL/TWICtl.vhd:411]
INFO: [Synth 8-226] default block is never used [C:/Users/fowlersp/Documents/ECE_212_Lab_Fowler_Nosow/Lab04/Lab04/RTL/TWICtl.vhd:429]
INFO: [Synth 8-226] default block is never used [C:/Users/fowlersp/Documents/ECE_212_Lab_Fowler_Nosow/Lab04/Lab04/RTL/TWICtl.vhd:447]
WARNING: [Synth 8-614] signal 'timeOutCnt' is read in the process but is not in the sensitivity list [C:/Users/fowlersp/Documents/ECE_212_Lab_Fowler_Nosow/Lab04/Lab04/RTL/TWICtl.vhd:500]
INFO: [Synth 8-256] done synthesizing module 'TWICtl' (1#1) [C:/Users/fowlersp/Documents/ECE_212_Lab_Fowler_Nosow/Lab04/Lab04/RTL/TWICtl.vhd:132]
INFO: [Synth 8-226] default block is never used [C:/Users/fowlersp/Documents/ECE_212_Lab_Fowler_Nosow/Lab04/Lab04/RTL/TempSensorCtl.vhd:329]
WARNING: [Synth 8-614] signal 'initA' is read in the process but is not in the sensitivity list [C:/Users/fowlersp/Documents/ECE_212_Lab_Fowler_Nosow/Lab04/Lab04/RTL/TempSensorCtl.vhd:324]
INFO: [Synth 8-256] done synthesizing module 'TempSensorCtl' (2#1) [C:/Users/fowlersp/Documents/ECE_212_Lab_Fowler_Nosow/Lab04/Lab04/RTL/TempSensorCtl.vhd:59]
INFO: [Synth 8-6157] synthesizing module 'tconvert' [C:/Users/fowlersp/Documents/ECE_212_Lab_Fowler_Nosow/Lab04/Lab04/RTL/tconvert.sv:9]
INFO: [Synth 8-6155] done synthesizing module 'tconvert' (3#1) [C:/Users/fowlersp/Documents/ECE_212_Lab_Fowler_Nosow/Lab04/Lab04/RTL/tconvert.sv:9]
INFO: [Synth 8-6157] synthesizing module 'conv_sgnmag' [C:/Users/fowlersp/Documents/ECE_212_Lab_Fowler_Nosow/Lab04/Lab04/RTL/conv_sgnmag.sv:9]
INFO: [Synth 8-6155] done synthesizing module 'conv_sgnmag' (4#1) [C:/Users/fowlersp/Documents/ECE_212_Lab_Fowler_Nosow/Lab04/Lab04/RTL/conv_sgnmag.sv:9]
INFO: [Synth 8-6157] synthesizing module 'round' [C:/Users/fowlersp/Documents/ECE_212_Lab_Fowler_Nosow/Lab04/Lab04/RTL/round.sv:9]
INFO: [Synth 8-6155] done synthesizing module 'round' (5#1) [C:/Users/fowlersp/Documents/ECE_212_Lab_Fowler_Nosow/Lab04/Lab04/RTL/round.sv:9]
INFO: [Synth 8-6157] synthesizing module 'dbl_dabble_ext' [C:/Users/fowlersp/Documents/ECE_212_Lab_Fowler_Nosow/Lab04/Lab04/RTL/dbl_dabble_ext.sv:15]
INFO: [Synth 8-251] dbl_dabble input: x [C:/Users/fowlersp/Documents/ECE_212_Lab_Fowler_Nosow/Lab04/Lab04/RTL/dbl_dabble_ext.sv:22]
INFO: [Synth 8-251] add3o 4 4'bxxxx 4'bxxxx 4'bxxxx 4'bxxxx 13'bxxxxxxxxxxxxx [C:/Users/fowlersp/Documents/ECE_212_Lab_Fowler_Nosow/Lab04/Lab04/RTL/dbl_dabble_ext.sv:29]
INFO: [Synth 8-251] add3o 5 4'bxxxx 4'bxxxx 4'bxxxx 4'bxxxx 13'bxxxxxxxxxxxxx [C:/Users/fowlersp/Documents/ECE_212_Lab_Fowler_Nosow/Lab04/Lab04/RTL/dbl_dabble_ext.sv:29]
INFO: [Synth 8-251] add3o 6 4'bxxxx 4'bxxxx 4'bxxxx 4'bxxxx 13'bxxxxxxxxxxxxx [C:/Users/fowlersp/Documents/ECE_212_Lab_Fowler_Nosow/Lab04/Lab04/RTL/dbl_dabble_ext.sv:29]
INFO: [Synth 8-251] add3o 7 4'bxxxx 4'bxxxx 4'bxxxx 4'bxxxx 13'bxxxxxxxxxxxxx [C:/Users/fowlersp/Documents/ECE_212_Lab_Fowler_Nosow/Lab04/Lab04/RTL/dbl_dabble_ext.sv:29]
INFO: [Synth 8-251] add3o 7 4'bxxxx 4'bxxxx 4'bxxxx 4'bxxxx 13'bxxxxxxxxxxxxx [C:/Users/fowlersp/Documents/ECE_212_Lab_Fowler_Nosow/Lab04/Lab04/RTL/dbl_dabble_ext.sv:33]
INFO: [Synth 8-251] add3o 8 4'bxxxx 4'bxxxx 4'bxxxx 4'bxxxx 13'bxxxxxxxxxxxxx [C:/Users/fowlersp/Documents/ECE_212_Lab_Fowler_Nosow/Lab04/Lab04/RTL/dbl_dabble_ext.sv:29]
INFO: [Synth 8-251] add3o 8 4'bxxxx 4'bxxxx 4'bxxxx 4'bxxxx 13'bxxxxxxxxxxxxx [C:/Users/fowlersp/Documents/ECE_212_Lab_Fowler_Nosow/Lab04/Lab04/RTL/dbl_dabble_ext.sv:33]
INFO: [Synth 8-251] add3o 9 4'bxxxx 4'bxxxx 4'bxxxx 4'bxxxx 13'bxxxxxxxxxxxxx [C:/Users/fowlersp/Documents/ECE_212_Lab_Fowler_Nosow/Lab04/Lab04/RTL/dbl_dabble_ext.sv:29]
INFO: [Synth 8-251] add3o 9 4'bxxxx 4'bxxxx 4'bxxxx 4'bxxxx 13'bxxxxxxxxxxxxx [C:/Users/fowlersp/Documents/ECE_212_Lab_Fowler_Nosow/Lab04/Lab04/RTL/dbl_dabble_ext.sv:33]
INFO: [Synth 8-251] add3o 10 4'bxxxx 4'bxxxx 4'bxxxx 4'bxxxx 13'bxxxxxxxxxxxxx [C:/Users/fowlersp/Documents/ECE_212_Lab_Fowler_Nosow/Lab04/Lab04/RTL/dbl_dabble_ext.sv:29]
INFO: [Synth 8-251] add3o 10 4'bxxxx 4'bxxxx 4'bxxxx 4'bxxxx 13'bxxxxxxxxxxxxx [C:/Users/fowlersp/Documents/ECE_212_Lab_Fowler_Nosow/Lab04/Lab04/RTL/dbl_dabble_ext.sv:33]
INFO: [Synth 8-251] add3o 10 4'bxxxx 4'bxxxx 4'bxxxx 4'bxxxx 13'bxxxxxxxxxxxxx [C:/Users/fowlersp/Documents/ECE_212_Lab_Fowler_Nosow/Lab04/Lab04/RTL/dbl_dabble_ext.sv:37]
INFO: [Synth 8-251] add3o 11 4'bxxxx 4'bxxxx 4'bxxxx 4'bxxxx 13'bxxxxxxxxxxxxx [C:/Users/fowlersp/Documents/ECE_212_Lab_Fowler_Nosow/Lab04/Lab04/RTL/dbl_dabble_ext.sv:29]
INFO: [Synth 8-251] add3o 11 4'bxxxx 4'bxxxx 4'bxxxx 4'bxxxx 13'bxxxxxxxxxxxxx [C:/Users/fowlersp/Documents/ECE_212_Lab_Fowler_Nosow/Lab04/Lab04/RTL/dbl_dabble_ext.sv:33]
INFO: [Synth 8-251] add3o 11 4'bxxxx 4'bxxxx 4'bxxxx 4'bxxxx 13'bxxxxxxxxxxxxx [C:/Users/fowlersp/Documents/ECE_212_Lab_Fowler_Nosow/Lab04/Lab04/RTL/dbl_dabble_ext.sv:37]
INFO: [Synth 8-251] add3o 12 4'bxxxx 4'bxxxx 4'bxxxx 4'bxxxx 13'bxxxxxxxxxxxxx [C:/Users/fowlersp/Documents/ECE_212_Lab_Fowler_Nosow/Lab04/Lab04/RTL/dbl_dabble_ext.sv:29]
INFO: [Synth 8-251] add3o 12 4'bxxxx 4'bxxxx 4'bxxxx 4'bxxxx 13'bxxxxxxxxxxxxx [C:/Users/fowlersp/Documents/ECE_212_Lab_Fowler_Nosow/Lab04/Lab04/RTL/dbl_dabble_ext.sv:33]
INFO: [Synth 8-251] add3o 12 4'bxxxx 4'bxxxx 4'bxxxx 4'bxxxx 13'bxxxxxxxxxxxxx [C:/Users/fowlersp/Documents/ECE_212_Lab_Fowler_Nosow/Lab04/Lab04/RTL/dbl_dabble_ext.sv:37]
INFO: [Synth 8-251] add3o 13 4'bxxxx 4'bxxxx 4'bxxxx 4'bxxxx 13'bxxxxxxxxxxxxx [C:/Users/fowlersp/Documents/ECE_212_Lab_Fowler_Nosow/Lab04/Lab04/RTL/dbl_dabble_ext.sv:29]
INFO: [Synth 8-251] add3o 13 4'bxxxx 4'bxxxx 4'bxxxx 4'bxxxx 13'bxxxxxxxxxxxxx [C:/Users/fowlersp/Documents/ECE_212_Lab_Fowler_Nosow/Lab04/Lab04/RTL/dbl_dabble_ext.sv:33]
INFO: [Synth 8-251] add3o 13 4'bxxxx 4'bxxxx 4'bxxxx 4'bxxxx 13'bxxxxxxxxxxxxx [C:/Users/fowlersp/Documents/ECE_212_Lab_Fowler_Nosow/Lab04/Lab04/RTL/dbl_dabble_ext.sv:37]
INFO: [Synth 8-251] add3o 13 4'bxxxx 4'bxxxx 4'bxxxx 4'bxxxx 13'bxxxxxxxxxxxxx [C:/Users/fowlersp/Documents/ECE_212_Lab_Fowler_Nosow/Lab04/Lab04/RTL/dbl_dabble_ext.sv:41]
INFO: [Synth 8-251] result    x    x   x   x [C:/Users/fowlersp/Documents/ECE_212_Lab_Fowler_Nosow/Lab04/Lab04/RTL/dbl_dabble_ext.sv:45]
INFO: [Synth 8-6155] done synthesizing module 'dbl_dabble_ext' (6#1) [C:/Users/fowlersp/Documents/ECE_212_Lab_Fowler_Nosow/Lab04/Lab04/RTL/dbl_dabble_ext.sv:15]
INFO: [Synth 8-6155] done synthesizing module 'temp' (7#1) [C:/Users/fowlersp/Documents/ECE_212_Lab_Fowler_Nosow/Lab04/Lab04/RTL/temp.sv:23]
INFO: [Synth 8-6157] synthesizing module 'dig_clk' [C:/Users/fowlersp/Documents/ECE_212_Lab_Fowler_Nosow/Lab04/Lab04/RTL/dig_clk.sv:1]
INFO: [Synth 8-6157] synthesizing module 'debounce' [C:/Users/fowlersp/Documents/ECE_212_Lab_Fowler_Nosow/Lab04/Lab04/RTL/debounce.sv:1]
	Parameter CLKPD_NS bound to: 10 - type: integer 
	Parameter CLKFREQ bound to: 100000000 - type: integer 
	Parameter DEBOUNCE_MS bound to: 10 - type: integer 
	Parameter CTRBITS bound to: 20 - type: integer 
INFO: [Synth 8-6155] done synthesizing module 'debounce' (8#1) [C:/Users/fowlersp/Documents/ECE_212_Lab_Fowler_Nosow/Lab04/Lab04/RTL/debounce.sv:1]
INFO: [Synth 8-6157] synthesizing module 'single_pulser' [C:/Users/fowlersp/Documents/ECE_212_Lab_Fowler_Nosow/Lab04/Lab04/RTL/single_pulser.sv:23]
INFO: [Synth 8-6155] done synthesizing module 'single_pulser' (9#1) [C:/Users/fowlersp/Documents/ECE_212_Lab_Fowler_Nosow/Lab04/Lab04/RTL/single_pulser.sv:23]
INFO: [Synth 8-6157] synthesizing module 'sec_cnt' [C:/Users/fowlersp/Documents/ECE_212_Lab_Fowler_Nosow/Lab04/Lab04/RTL/sec_cnt.sv:1]
INFO: [Synth 8-6157] synthesizing module 'counter_rc_mod' [C:/Users/fowlersp/Documents/ECE_212_Lab_Fowler_Nosow/Lab04/Lab04/RTL/counter_rc_mod.sv:1]
	Parameter MOD bound to: 10 - type: integer 
INFO: [Synth 8-6155] done synthesizing module 'counter_rc_mod' (10#1) [C:/Users/fowlersp/Documents/ECE_212_Lab_Fowler_Nosow/Lab04/Lab04/RTL/counter_rc_mod.sv:1]
INFO: [Synth 8-6157] synthesizing module 'counter_rc_mod__parameterized0' [C:/Users/fowlersp/Documents/ECE_212_Lab_Fowler_Nosow/Lab04/Lab04/RTL/counter_rc_mod.sv:1]
	Parameter MOD bound to: 6 - type: integer 
INFO: [Synth 8-6155] done synthesizing module 'counter_rc_mod__parameterized0' (10#1) [C:/Users/fowlersp/Documents/ECE_212_Lab_Fowler_Nosow/Lab04/Lab04/RTL/counter_rc_mod.sv:1]
INFO: [Synth 8-6155] done synthesizing module 'sec_cnt' (11#1) [C:/Users/fowlersp/Documents/ECE_212_Lab_Fowler_Nosow/Lab04/Lab04/RTL/sec_cnt.sv:1]
INFO: [Synth 8-6157] synthesizing module 'min_cnt' [C:/Users/fowlersp/Documents/ECE_212_Lab_Fowler_Nosow/Lab04/Lab04/RTL/min_cnt.sv:1]
INFO: [Synth 8-6155] done synthesizing module 'min_cnt' (12#1) [C:/Users/fowlersp/Documents/ECE_212_Lab_Fowler_Nosow/Lab04/Lab04/RTL/min_cnt.sv:1]
INFO: [Synth 8-6157] synthesizing module 'hr_cnt' [C:/Users/fowlersp/Documents/ECE_212_Lab_Fowler_Nosow/Lab04/Lab04/RTL/hr_cnt.sv:1]
INFO: [Synth 8-6157] synthesizing module 'counter_modified_hrs' [C:/Users/fowlersp/Documents/ECE_212_Lab_Fowler_Nosow/Lab04/Lab04/RTL/counter_modified_hrs.sv:1]
INFO: [Synth 8-6155] done synthesizing module 'counter_modified_hrs' (13#1) [C:/Users/fowlersp/Documents/ECE_212_Lab_Fowler_Nosow/Lab04/Lab04/RTL/counter_modified_hrs.sv:1]
INFO: [Synth 8-6157] synthesizing module 'counter_rc_mod_hrs_rst' [C:/Users/fowlersp/Documents/ECE_212_Lab_Fowler_Nosow/Lab04/Lab04/RTL/counter_rc_mod_hrs_rst.sv:1]
	Parameter MOD bound to: 2 - type: integer 
INFO: [Synth 8-6155] done synthesizing module 'counter_rc_mod_hrs_rst' (14#1) [C:/Users/fowlersp/Documents/ECE_212_Lab_Fowler_Nosow/Lab04/Lab04/RTL/counter_rc_mod_hrs_rst.sv:1]
INFO: [Synth 8-6155] done synthesizing module 'hr_cnt' (15#1) [C:/Users/fowlersp/Documents/ECE_212_Lab_Fowler_Nosow/Lab04/Lab04/RTL/hr_cnt.sv:1]
INFO: [Synth 8-6157] synthesizing module 'counter_rc_mod__parameterized1' [C:/Users/fowlersp/Documents/ECE_212_Lab_Fowler_Nosow/Lab04/Lab04/RTL/counter_rc_mod.sv:1]
	Parameter MOD bound to: 2 - type: integer 
INFO: [Synth 8-6155] done synthesizing module 'counter_rc_mod__parameterized1' (15#1) [C:/Users/fowlersp/Documents/ECE_212_Lab_Fowler_Nosow/Lab04/Lab04/RTL/counter_rc_mod.sv:1]
INFO: [Synth 8-6155] done synthesizing module 'dig_clk' (16#1) [C:/Users/fowlersp/Documents/ECE_212_Lab_Fowler_Nosow/Lab04/Lab04/RTL/dig_clk.sv:1]
INFO: [Synth 8-6157] synthesizing module 'fsm' [C:/Users/fowlersp/Documents/ECE_212_Lab_Fowler_Nosow/Lab04/Lab04/RTL/fsm.sv:23]
INFO: [Synth 8-6155] done synthesizing module 'fsm' (17#1) [C:/Users/fowlersp/Documents/ECE_212_Lab_Fowler_Nosow/Lab04/Lab04/RTL/fsm.sv:23]
INFO: [Synth 8-6157] synthesizing module 'period_enb' [C:/Users/fowlersp/Documents/ECE_212_Lab_Fowler_Nosow/Lab04/Lab04/RTL/period_enb.sv:20]
	Parameter PERIOD_MS bound to: 1000 - type: integer 
	Parameter PERIOD_US bound to: 1000000 - type: integer 
	Parameter PERIOD_NS bound to: 1000000000 - type: integer 
	Parameter CLKFREQ_MHZ bound to: 100 - type: integer 
	Parameter CLKPD_NS bound to: 10 - type: integer 
	Parameter PERIOD_COUNT_LIMIT bound to: 100000000 - type: integer 
	Parameter PERIOD_COUNT_BITS bound to: 27 - type: integer 
INFO: [Synth 8-6155] done synthesizing module 'period_enb' (18#1) [C:/Users/fowlersp/Documents/ECE_212_Lab_Fowler_Nosow/Lab04/Lab04/RTL/period_enb.sv:20]
INFO: [Synth 8-6157] synthesizing module 'sevenseg_control' [C:/Users/fowlersp/Documents/ECE_212_Lab_Fowler_Nosow/Lab04/Lab04/RTL/sevenseg_control.sv:23]
INFO: [Synth 8-6157] synthesizing module 'period_enb__parameterized0' [C:/Users/fowlersp/Documents/ECE_212_Lab_Fowler_Nosow/Lab04/Lab04/RTL/period_enb.sv:20]
	Parameter PERIOD_MS bound to: 1 - type: integer 
	Parameter PERIOD_US bound to: 1000 - type: integer 
	Parameter PERIOD_NS bound to: 1000000 - type: integer 
	Parameter CLKFREQ_MHZ bound to: 100 - type: integer 
	Parameter CLKPD_NS bound to: 10 - type: integer 
	Parameter PERIOD_COUNT_LIMIT bound to: 100000 - type: integer 
	Parameter PERIOD_COUNT_BITS bound to: 17 - type: integer 
INFO: [Synth 8-6155] done synthesizing module 'period_enb__parameterized0' (18#1) [C:/Users/fowlersp/Documents/ECE_212_Lab_Fowler_Nosow/Lab04/Lab04/RTL/period_enb.sv:20]
INFO: [Synth 8-6157] synthesizing module 'count_3bit' [C:/Users/fowlersp/Documents/ECE_212_Lab_Fowler_Nosow/Lab04/Lab04/RTL/count_3bit.sv:11]
	Parameter W bound to: 3 - type: integer 
INFO: [Synth 8-6155] done synthesizing module 'count_3bit' (19#1) [C:/Users/fowlersp/Documents/ECE_212_Lab_Fowler_Nosow/Lab04/Lab04/RTL/count_3bit.sv:11]
INFO: [Synth 8-6157] synthesizing module 'mux8' [C:/Users/fowlersp/Documents/ECE_212_Lab_Fowler_Nosow/Lab04/Lab04/RTL/mux8.sv:11]
	Parameter W bound to: 7 - type: integer 
INFO: [Synth 8-226] default block is never used [C:/Users/fowlersp/Documents/ECE_212_Lab_Fowler_Nosow/Lab04/Lab04/RTL/mux8.sv:16]
INFO: [Synth 8-6155] done synthesizing module 'mux8' (20#1) [C:/Users/fowlersp/Documents/ECE_212_Lab_Fowler_Nosow/Lab04/Lab04/RTL/mux8.sv:11]
INFO: [Synth 8-6157] synthesizing module 'dec_3_8_n' [C:/Users/fowlersp/Documents/ECE_212_Lab_Fowler_Nosow/Lab04/Lab04/RTL/dec_3_8_n.sv:9]
INFO: [Synth 8-226] default block is never used [C:/Users/fowlersp/Documents/ECE_212_Lab_Fowler_Nosow/Lab04/Lab04/RTL/dec_3_8_n.sv:17]
INFO: [Synth 8-6155] done synthesizing module 'dec_3_8_n' (21#1) [C:/Users/fowlersp/Documents/ECE_212_Lab_Fowler_Nosow/Lab04/Lab04/RTL/dec_3_8_n.sv:9]
INFO: [Synth 8-6157] synthesizing module 'seven_seg_n' [C:/Users/fowlersp/Documents/ECE_212_Lab_Fowler_Nosow/Lab04/Lab04/RTL/seven_seg_n.sv:10]
INFO: [Synth 8-6155] done synthesizing module 'seven_seg_n' (22#1) [C:/Users/fowlersp/Documents/ECE_212_Lab_Fowler_Nosow/Lab04/Lab04/RTL/seven_seg_n.sv:10]
INFO: [Synth 8-6155] done synthesizing module 'sevenseg_control' (23#1) [C:/Users/fowlersp/Documents/ECE_212_Lab_Fowler_Nosow/Lab04/Lab04/RTL/sevenseg_control.sv:23]
INFO: [Synth 8-6155] done synthesizing module 'clk_temp_top' (24#1) [C:/Users/fowlersp/Documents/ECE_212_Lab_Fowler_Nosow/Lab04/Lab04/RTL/clk_temp_top.sv:23]
---------------------------------------------------------------------------------
Finished RTL Elaboration : Time (s): cpu = 00:00:06 ; elapsed = 00:00:06 . Memory (MB): peak = 1200.930 ; gain = 111.957
---------------------------------------------------------------------------------
---------------------------------------------------------------------------------
Start Handling Custom Attributes
---------------------------------------------------------------------------------
---------------------------------------------------------------------------------
Finished Handling Custom Attributes : Time (s): cpu = 00:00:06 ; elapsed = 00:00:07 . Memory (MB): peak = 1200.930 ; gain = 111.957
---------------------------------------------------------------------------------
---------------------------------------------------------------------------------
Finished RTL Optimization Phase 1 : Time (s): cpu = 00:00:06 ; elapsed = 00:00:07 . Memory (MB): peak = 1200.930 ; gain = 111.957
---------------------------------------------------------------------------------
Netlist sorting complete. Time (s): cpu = 00:00:00 ; elapsed = 00:00:00.015 . Memory (MB): peak = 1200.930 ; gain = 0.000
INFO: [Project 1-570] Preparing netlist for logic optimization

Processing XDC Constraints
Initializing timing engine
Parsing XDC File [C:/Users/fowlersp/Documents/ECE_212_Lab_Fowler_Nosow/Lab04/Lab04/Constraints/clk_temp_con.xdc]
Finished Parsing XDC File [C:/Users/fowlersp/Documents/ECE_212_Lab_Fowler_Nosow/Lab04/Lab04/Constraints/clk_temp_con.xdc]
INFO: [Project 1-236] Implementation specific constraints were found while reading constraint file [C:/Users/fowlersp/Documents/ECE_212_Lab_Fowler_Nosow/Lab04/Lab04/Constraints/clk_temp_con.xdc]. These constraints will be ignored for synthesis but will be used in implementation. Impacted constraints are listed in the file [.Xil/clk_temp_top_propImpl.xdc].
Resolution: To avoid this warning, move constraints listed in [.Xil/clk_temp_top_propImpl.xdc] to another XDC file and exclude this new file from synthesis with the used_in_synthesis property (File Properties dialog in GUI) and re-run elaboration/synthesis.
Completed Processing XDC Constraints

Netlist sorting complete. Time (s): cpu = 00:00:00 ; elapsed = 00:00:00 . Memory (MB): peak = 1320.176 ; gain = 0.000
INFO: [Project 1-111] Unisim Transformation Summary:
No Unisim elements were transformed.

Constraint Validation Runtime : Time (s): cpu = 00:00:00 ; elapsed = 00:00:00.004 . Memory (MB): peak = 1320.176 ; gain = 0.000
---------------------------------------------------------------------------------
Finished Constraint Validation : Time (s): cpu = 00:00:13 ; elapsed = 00:00:13 . Memory (MB): peak = 1320.176 ; gain = 231.203
---------------------------------------------------------------------------------
---------------------------------------------------------------------------------
Start Loading Part and Timing Information
---------------------------------------------------------------------------------
Loading part: xc7a100tcsg324-1
---------------------------------------------------------------------------------
Finished Loading Part and Timing Information : Time (s): cpu = 00:00:13 ; elapsed = 00:00:13 . Memory (MB): peak = 1320.176 ; gain = 231.203
---------------------------------------------------------------------------------
---------------------------------------------------------------------------------
Start Applying 'set_property' XDC Constraints
---------------------------------------------------------------------------------
---------------------------------------------------------------------------------
Finished applying 'set_property' XDC Constraints : Time (s): cpu = 00:00:13 ; elapsed = 00:00:13 . Memory (MB): peak = 1320.176 ; gain = 231.203
---------------------------------------------------------------------------------
INFO: [Synth 8-802] inferred FSM for state register 'state_reg' in module 'TWICtl'
INFO: [Synth 8-802] inferred FSM for state register 'state_reg' in module 'fsm'
---------------------------------------------------------------------------------------------------
                   State |                     New Encoding |                Previous Encoding 
---------------------------------------------------------------------------------------------------
                  stidle |                             0001 |                             0000
                 ststart |                             1111 |                             0001
                 stwrite |                             0000 |                             0011
                  stsack |                             0010 |                             0110
                  stread |                             0111 |                             0010
            stmnackstart |                             0110 |                             1001
                  stmack |                             0100 |                             0111
             stmnackstop |                             0101 |                             1000
                  ststop |                             0011 |                             0101
---------------------------------------------------------------------------------------------------
INFO: [Synth 8-3354] encoded FSM with state register 'state_reg' using encoding 'gray' in module 'TWICtl'
---------------------------------------------------------------------------------------------------
                   State |                     New Encoding |                Previous Encoding 
---------------------------------------------------------------------------------------------------
                      S0 |                             0000 |                             0000
                     S3a |                             0001 |                             0110
                     S3b |                             0010 |                             0111
                     S3c |                             0011 |                             1000
                     S3d |                             0100 |                             1001
                     S3e |                             0101 |                             1010
                     S3f |                             0110 |                             1011
                     S3g |                             0111 |                             1100
                     S3h |                             1000 |                             1101
                     S2a |                             1001 |                             0010
                     S2b |                             1010 |                             0011
                     S2c |                             1011 |                             0100
                     S2d |                             1100 |                             0101
                      S1 |                             1101 |                             0001
---------------------------------------------------------------------------------------------------
INFO: [Synth 8-3354] encoded FSM with state register 'state_reg' using encoding 'sequential' in module 'fsm'
---------------------------------------------------------------------------------
Finished RTL Optimization Phase 2 : Time (s): cpu = 00:00:13 ; elapsed = 00:00:14 . Memory (MB): peak = 1320.176 ; gain = 231.203
---------------------------------------------------------------------------------
---------------------------------------------------------------------------------
Start RTL Component Statistics 
---------------------------------------------------------------------------------
Detailed RTL Component Info : 
+---Adders : 
	   2 Input   18 Bit       Adders := 1     
	   3 Input   18 Bit       Adders := 1     
	   2 Input   17 Bit       Adders := 1     
	   2 Input   13 Bit       Adders := 1     
	   2 Input    8 Bit       Adders := 2     
	   2 Input    4 Bit       Adders := 30    
	   2 Input    3 Bit       Adders := 2     
	   2 Input    2 Bit       Adders := 2     
+---XORs : 
	   2 Input      1 Bit         XORs := 3     
+---Registers : 
	               16 Bit    Registers := 1     
	                8 Bit    Registers := 5     
	                4 Bit    Registers := 8     
	                3 Bit    Registers := 4     
	                2 Bit    Registers := 3     
	                1 Bit    Registers := 17    
+---Muxes : 
	   2 Input   18 Bit        Muxes := 1     
	   4 Input   17 Bit        Muxes := 1     
	   2 Input   17 Bit        Muxes := 2     
	   2 Input    8 Bit        Muxes := 4     
	   8 Input    8 Bit        Muxes := 3     
	   2 Input    7 Bit        Muxes := 11    
	  18 Input    7 Bit        Muxes := 1     
	   9 Input    4 Bit        Muxes := 1     
	  27 Input    4 Bit        Muxes := 1     
	   2 Input    4 Bit        Muxes := 26    
	   3 Input    4 Bit        Muxes := 1     
	  71 Input    4 Bit        Muxes := 1     
	   8 Input    3 Bit        Muxes := 1     
	   4 Input    3 Bit        Muxes := 1     
	   2 Input    3 Bit        Muxes := 4     
	   3 Input    2 Bit        Muxes := 1     
	   2 Input    2 Bit        Muxes := 1     
	   2 Input    1 Bit        Muxes := 34    
	   4 Input    1 Bit        Muxes := 20    
	   8 Input    1 Bit        Muxes := 7     
	   3 Input    1 Bit        Muxes := 5     
	   9 Input    1 Bit        Muxes := 1     
	  14 Input    1 Bit        Muxes := 1     
---------------------------------------------------------------------------------
Finished RTL Component Statistics 
---------------------------------------------------------------------------------
---------------------------------------------------------------------------------
Start Part Resource Summary
---------------------------------------------------------------------------------
Part Resources:
DSPs: 240 (col length:80)
BRAMs: 270 (col length: RAMB18 80 RAMB36 40)
---------------------------------------------------------------------------------
Finished Part Resource Summary
---------------------------------------------------------------------------------
---------------------------------------------------------------------------------
Start Cross Boundary and Area Optimization
---------------------------------------------------------------------------------
---------------------------------------------------------------------------------
Finished Cross Boundary and Area Optimization : Time (s): cpu = 00:00:27 ; elapsed = 00:00:28 . Memory (MB): peak = 1338.992 ; gain = 250.020
---------------------------------------------------------------------------------
---------------------------------------------------------------------------------
Start Applying XDC Timing Constraints
---------------------------------------------------------------------------------
---------------------------------------------------------------------------------
Finished Applying XDC Timing Constraints : Time (s): cpu = 00:00:33 ; elapsed = 00:00:34 . Memory (MB): peak = 1338.992 ; gain = 250.020
---------------------------------------------------------------------------------
---------------------------------------------------------------------------------
Start Timing Optimization
---------------------------------------------------------------------------------
---------------------------------------------------------------------------------
Finished Timing Optimization : Time (s): cpu = 00:00:38 ; elapsed = 00:00:39 . Memory (MB): peak = 1433.328 ; gain = 344.355
---------------------------------------------------------------------------------
---------------------------------------------------------------------------------
Start Technology Mapping
---------------------------------------------------------------------------------
---------------------------------------------------------------------------------
Finished Technology Mapping : Time (s): cpu = 00:00:39 ; elapsed = 00:00:40 . Memory (MB): peak = 1456.602 ; gain = 367.629
---------------------------------------------------------------------------------
---------------------------------------------------------------------------------
Start IO Insertion
---------------------------------------------------------------------------------
---------------------------------------------------------------------------------
Start Flattening Before IO Insertion
---------------------------------------------------------------------------------
---------------------------------------------------------------------------------
Finished Flattening Before IO Insertion
---------------------------------------------------------------------------------
---------------------------------------------------------------------------------
Start Final Netlist Cleanup
---------------------------------------------------------------------------------
---------------------------------------------------------------------------------
Finished Final Netlist Cleanup
---------------------------------------------------------------------------------
---------------------------------------------------------------------------------
Finished IO Insertion : Time (s): cpu = 00:00:42 ; elapsed = 00:00:43 . Memory (MB): peak = 1456.602 ; gain = 367.629
---------------------------------------------------------------------------------
---------------------------------------------------------------------------------
Start Renaming Generated Instances
---------------------------------------------------------------------------------
---------------------------------------------------------------------------------
Finished Renaming Generated Instances : Time (s): cpu = 00:00:42 ; elapsed = 00:00:43 . Memory (MB): peak = 1456.602 ; gain = 367.629
---------------------------------------------------------------------------------
---------------------------------------------------------------------------------
Start Rebuilding User Hierarchy
---------------------------------------------------------------------------------
---------------------------------------------------------------------------------
Finished Rebuilding User Hierarchy : Time (s): cpu = 00:00:42 ; elapsed = 00:00:43 . Memory (MB): peak = 1456.602 ; gain = 367.629
---------------------------------------------------------------------------------
---------------------------------------------------------------------------------
Start Renaming Generated Ports
---------------------------------------------------------------------------------
---------------------------------------------------------------------------------
Finished Renaming Generated Ports : Time (s): cpu = 00:00:42 ; elapsed = 00:00:43 . Memory (MB): peak = 1456.602 ; gain = 367.629
---------------------------------------------------------------------------------
---------------------------------------------------------------------------------
Start Handling Custom Attributes
---------------------------------------------------------------------------------
---------------------------------------------------------------------------------
Finished Handling Custom Attributes : Time (s): cpu = 00:00:42 ; elapsed = 00:00:43 . Memory (MB): peak = 1456.602 ; gain = 367.629
---------------------------------------------------------------------------------
---------------------------------------------------------------------------------
Start Renaming Generated Nets
---------------------------------------------------------------------------------
---------------------------------------------------------------------------------
Finished Renaming Generated Nets : Time (s): cpu = 00:00:42 ; elapsed = 00:00:43 . Memory (MB): peak = 1456.602 ; gain = 367.629
---------------------------------------------------------------------------------
---------------------------------------------------------------------------------
Start Writing Synthesis Report
---------------------------------------------------------------------------------

Report BlackBoxes: 
+-+--------------+----------+
| |BlackBox name |Instances |
+-+--------------+----------+
+-+--------------+----------+

Report Cell Usage: 
+------+-------+------+
|      |Cell   |Count |
+------+-------+------+
|1     |BUFG   |     2|
|2     |CARRY4 |    50|
|3     |LUT1   |    53|
|4     |LUT2   |    50|
|5     |LUT3   |    66|
|6     |LUT4   |    65|
|7     |LUT5   |    50|
|8     |LUT6   |   139|
|9     |FDRE   |   218|
|10    |FDSE   |    27|
|11    |IBUF   |     7|
|12    |IOBUF  |     2|
|13    |OBUF   |    16|
+------+-------+------+
---------------------------------------------------------------------------------
Finished Writing Synthesis Report : Time (s): cpu = 00:00:42 ; elapsed = 00:00:43 . Memory (MB): peak = 1456.602 ; gain = 367.629
---------------------------------------------------------------------------------
Synthesis finished with 0 errors, 0 critical warnings and 0 warnings.
Synthesis Optimization Runtime : Time (s): cpu = 00:00:33 ; elapsed = 00:00:41 . Memory (MB): peak = 1456.602 ; gain = 248.383
Synthesis Optimization Complete : Time (s): cpu = 00:00:42 ; elapsed = 00:00:44 . Memory (MB): peak = 1456.602 ; gain = 367.629
INFO: [Project 1-571] Translating synthesized netlist
Netlist sorting complete. Time (s): cpu = 00:00:00 ; elapsed = 00:00:00.011 . Memory (MB): peak = 1465.387 ; gain = 0.000
INFO: [Netlist 29-17] Analyzing 52 Unisim elements for replacement
INFO: [Netlist 29-28] Unisim Transformation completed in 0 CPU seconds
INFO: [Project 1-570] Preparing netlist for logic optimization
INFO: [Opt 31-138] Pushed 0 inverter(s) to 0 load pin(s).
Netlist sorting complete. Time (s): cpu = 00:00:00 ; elapsed = 00:00:00 . Memory (MB): peak = 1465.387 ; gain = 0.000
INFO: [Project 1-111] Unisim Transformation Summary:
  A total of 2 instances were transformed.
  IOBUF => IOBUF (IBUF, OBUFT): 2 instances

INFO: [Common 17-83] Releasing license: Synthesis
107 Infos, 2 Warnings, 0 Critical Warnings and 0 Errors encountered.
synth_design completed successfully
synth_design: Time (s): cpu = 00:00:49 ; elapsed = 00:00:51 . Memory (MB): peak = 1465.387 ; gain = 376.414
INFO: [Common 17-1381] The checkpoint 'C:/Users/fowlersp/Documents/ECE_212_Lab_Fowler_Nosow/Lab04/Lab04/Lab04.runs/synth_1/clk_temp_top.dcp' has been generated.
INFO: [runtcl-4] Executing : report_utilization -file clk_temp_top_utilization_synth.rpt -pb clk_temp_top_utilization_synth.pb
INFO: [Common 17-206] Exiting Vivado at Tue Feb 15 11:02:26 2022...
