#-----------------------------------------------------------
# Vivado v2020.2 (64-bit)
# SW Build 3064766 on Wed Nov 18 09:12:45 MST 2020
# IP Build 3064653 on Wed Nov 18 14:17:31 MST 2020
# Start of session at: Tue Apr 12 07:51:10 2022
# Process ID: 5768
# Current directory: C:/Users/fowlersp/Documents/ECE_212_Lab_Fowler_Nosow/Lab09/lab09
# Command line: vivado.exe -gui_launcher_event rodinguilauncherevent6948 C:\Users\fowlersp\Documents\ECE_212_Lab_Fowler_Nosow\Lab09\lab09\lab09.xpr
# Log file: C:/Users/fowlersp/Documents/ECE_212_Lab_Fowler_Nosow/Lab09/lab09/vivado.log
# Journal file: C:/Users/fowlersp/Documents/ECE_212_Lab_Fowler_Nosow/Lab09/lab09\vivado.jou
#-----------------------------------------------------------
start_gui
open_project C:/Users/fowlersp/Documents/ECE_212_Lab_Fowler_Nosow/Lab09/lab09/lab09.xpr
WARNING: [filemgmt 56-3] Default IP Output Path : Could not find the directory 'C:/Users/fowlersp/Documents/ECE_212_Lab_Fowler_Nosow/Lab09/lab09/lab09.gen/sources_1'.
Scanning sources...
Finished scanning sources
INFO: [IP_Flow 19-234] Refreshing IP repositories
INFO: [IP_Flow 19-1704] No user IP repositories specified
INFO: [IP_Flow 19-2313] Loaded Vivado IP repository 'C:/Xilinx/Vivado/2020.2/data/ip'.
open_project: Time (s): cpu = 00:00:32 ; elapsed = 00:00:22 . Memory (MB): peak = 1088.664 ; gain = 0.000
update_compile_order -fileset sources_1
elaunch_simulation
Command: launch_simulation 
INFO: [Vivado 12-5682] Launching behavioral simulation in 'C:/Users/fowlersp/Documents/ECE_212_Lab_Fowler_Nosow/Lab09/lab09/lab09.sim/sim_1/behav/xsim'
INFO: [SIM-utils-51] Simulation object is 'sim_1'
INFO: [SIM-utils-54] Inspecting design source files for 'testbench' in fileset 'sim_1'...
INFO: [SIM-utils-43] Exported 'C:/Users/fowlersp/Documents/ECE_212_Lab_Fowler_Nosow/Lab09/lab09/lab09.sim/sim_1/behav/xsim/memfile.dat'
INFO: [SIM-utils-43] Exported 'C:/Users/fowlersp/Documents/ECE_212_Lab_Fowler_Nosow/Lab09/lab09/lab09.sim/sim_1/behav/xsim/memfile.dat'
INFO: [USF-XSim-97] Finding global include files...
INFO: [USF-XSim-98] Fetching design files from 'sim_1'...
INFO: [USF-XSim-2] XSim::Compile design
INFO: [USF-XSim-61] Executing 'COMPILE and ANALYZE' step in 'C:/Users/fowlersp/Documents/ECE_212_Lab_Fowler_Nosow/Lab09/lab09/lab09.sim/sim_1/behav/xsim'
"xvlog --incr --relax -L uvm -prj testbench_vlog.prj"
INFO: [USF-XSim-69] 'compile' step finished in '2' seconds
INFO: [USF-XSim-3] XSim::Elaborate design
INFO: [USF-XSim-61] Executing 'ELABORATE' step in 'C:/Users/fowlersp/Documents/ECE_212_Lab_Fowler_Nosow/Lab09/lab09/lab09.sim/sim_1/behav/xsim'
"xelab -wto c77ce5704cc64bf38d9a9cb1732b46c9 --incr --debug typical --relax --mt 2 -L xil_defaultlib -L uvm -L unisims_ver -L unimacro_ver -L secureip --snapshot testbench_behav xil_defaultlib.testbench xil_defaultlib.glbl -log elaborate.log"
Vivado Simulator 2020.2
Copyright 1986-1999, 2001-2020 Xilinx, Inc. All Rights Reserved.
Running: C:/Xilinx/Vivado/2020.2/bin/unwrapped/win64.o/xelab.exe -wto c77ce5704cc64bf38d9a9cb1732b46c9 --incr --debug typical --relax --mt 2 -L xil_defaultlib -L uvm -L unisims_ver -L unimacro_ver -L secureip --snapshot testbench_behav xil_defaultlib.testbench xil_defaultlib.glbl -log elaborate.log 
Using 2 slave threads.
Starting static elaboration
Pass Through NonSizing Optimizer
Completed static elaboration
INFO: [XSIM 43-4323] No Change in HDL. Linking previously generated obj files to create kernel
INFO: [USF-XSim-69] 'elaborate' step finished in '3' seconds
INFO: [USF-XSim-4] XSim::Simulate design
INFO: [USF-XSim-61] Executing 'SIMULATE' step in 'C:/Users/fowlersp/Documents/ECE_212_Lab_Fowler_Nosow/Lab09/lab09/lab09.sim/sim_1/behav/xsim'
INFO: [USF-XSim-98] *** Running xsim
   with args "testbench_behav -key {Behavioral:sim_1:Functional:testbench} -tclbatch {testbench.tcl} -log {simulate.log}"
INFO: [USF-XSim-8] Loading simulator feature
Vivado Simulator 2020.2
Time resolution is 1 ps
source testbench.tcl
# set curr_wave [current_wave_config]
# if { [string length $curr_wave] == 0 } {
#   if { [llength [get_objects]] > 0} {
#     add_wave /
#     set_property needs_save false [current_wave_config]
#   } else {
#      send_msg_id Add_Wave-1 WARNING "No top level signals found. Simulator will start without a wave window. If you want to open a wave window go to 'File->New Waveform Configuration' or type 'create_wave_config' in the TCL console."
#   }
# }
# run 1000ns
Simulation succeeded
$stop called at time : 635 ns : File "C:/Users/fowlersp/Documents/ECE_212_Lab_Fowler_Nosow/Lab09/mips_L_multi-main/mips_L_multi-main/sv/testbench.sv" Line 39
xsim: Time (s): cpu = 00:00:10 ; elapsed = 00:00:05 . Memory (MB): peak = 1088.598 ; gain = 0.000
INFO: [USF-XSim-96] XSim completed. Design snapshot 'testbench_behav' loaded.
INFO: [USF-XSim-97] XSim simulation ran for 1000ns
launch_simulation: Time (s): cpu = 00:00:13 ; elapsed = 00:00:12 . Memory (MB): peak = 1088.598 ; gain = 0.000
current_wave_config {Untitled 1}
Untitled 1
add_wave {{/testbench/DUV/U_MIPS/opcode}} 
current_wave_config {Untitled 1}
Untitled 1
add_wave {{/testbench/DUV/U_MIPS/funct}} 
restart
INFO: [Simtcl 6-17] Simulation restarted
run all
Simulation succeeded
$stop called at time : 635 ns : File "C:/Users/fowlersp/Documents/ECE_212_Lab_Fowler_Nosow/Lab09/mips_L_multi-main/mips_L_multi-main/sv/testbench.sv" Line 39
current_wave_config {Untitled 1}
Untitled 1
add_wave {{/testbench/DUV/U_MIPS/U_DP/pcadr}} 
current_wave_config {Untitled 1}
Untitled 1
add_wave {{/testbench/DUV/U_MIPS/U_DP/instr}} 
current_wave_config {Untitled 1}
Untitled 1
add_wave {{/testbench/DUV/U_MIPS/U_CTL/U_MAINDEC/state}} 
current_wave_config {Untitled 1}
Untitled 1
add_wave {{/testbench/DUV/U_MIPS/U_DP/scra}} 
current_wave_config {Untitled 1}
Untitled 1
add_wave {{/testbench/DUV/U_MIPS/U_DP/scrb}} 
current_wave_config {Untitled 1}
Untitled 1
add_wave {{/testbench/DUV/U_MIPS/U_DP/aluresult}} 
current_wave_config {Untitled 1}
Untitled 1
add_wave {{/testbench/DUV/U_MIPS/U_DP/zero}} 
current_wave_config {Untitled 1}
Untitled 1
add_wave {{/testbench/DUV/U_MIPS/U_DP/pcen}} 
current_wave_config {Untitled 1}
Untitled 1
add_wave {{/testbench/DUV/U_MIPS/U_CTL/pcwrite}} 
current_wave_config {Untitled 1}
Untitled 1
add_wave {{/testbench/DUV/U_MIPS/U_CTL/U_MAINDEC/irwrite}} 
current_wave_config {Untitled 1}
Untitled 1
add_wave {{/testbench/DUV/U_MIPS/U_CTL/U_MAINDEC/branch}} 
restart
INFO: [Simtcl 6-17] Simulation restarted
run all
Simulation succeeded
$stop called at time : 635 ns : File "C:/Users/fowlersp/Documents/ECE_212_Lab_Fowler_Nosow/Lab09/mips_L_multi-main/mips_L_multi-main/sv/testbench.sv" Line 39
current_wave_config {Untitled 1}
Untitled 1
add_wave {{/testbench/DUV/U_MIPS/U_DP/scra}} 
current_wave_config {Untitled 1}
Untitled 1
add_wave {{/testbench/DUV/U_MIPS/U_DP/scrb}} 
close_sim
INFO: [Simtcl 6-16] Simulation closed
close_sim: Time (s): cpu = 00:00:02 ; elapsed = 00:00:07 . Memory (MB): peak = 1949.559 ; gain = 0.000
exit
INFO: [Common 17-206] Exiting Vivado at Tue Apr 12 08:33:06 2022...
